2025-03-10 09:34:13.123 +01:00 [INF] ID: 
2025-03-10 09:34:13.149 +01:00 [INF] Zalogowany: False
2025-03-10 09:34:13.394 +01:00 [INF] ID: f9b33065-c108-4c50-9fb5-89421a490437
2025-03-10 09:34:13.394 +01:00 [INF] Zalogowany: True
2025-03-10 09:34:13.394 +01:00 [INF] Role: admin
2025-03-10 09:39:01.418 +01:00 [INF] ID: 
2025-03-10 09:39:01.476 +01:00 [INF] Zalogowany: False
2025-03-10 09:39:01.670 +01:00 [INF] ID: f9b33065-c108-4c50-9fb5-89421a490437
2025-03-10 09:39:01.670 +01:00 [INF] Zalogowany: True
2025-03-10 09:39:01.670 +01:00 [INF] Role: admin
2025-03-10 09:42:35.661 +01:00 [INF] ID: 
2025-03-10 09:42:35.688 +01:00 [INF] Zalogowany: False
2025-03-10 09:42:35.890 +01:00 [INF] ID: f9b33065-c108-4c50-9fb5-89421a490437
2025-03-10 09:42:35.890 +01:00 [INF] Zalogowany: True
2025-03-10 09:42:35.890 +01:00 [INF] Role: admin
2025-03-10 09:43:48.465 +01:00 [INF] ID: 
2025-03-10 09:43:48.500 +01:00 [INF] Zalogowany: False
2025-03-10 09:43:48.703 +01:00 [INF] ID: f9b33065-c108-4c50-9fb5-89421a490437
2025-03-10 09:43:48.703 +01:00 [INF] Zalogowany: True
2025-03-10 09:43:48.703 +01:00 [INF] Role: admin
2025-03-10 09:44:22.744 +01:00 [INF] ID: 
2025-03-10 09:44:22.765 +01:00 [INF] Zalogowany: False
2025-03-10 09:44:22.932 +01:00 [INF] ID: f9b33065-c108-4c50-9fb5-89421a490437
2025-03-10 09:44:22.932 +01:00 [INF] Zalogowany: True
2025-03-10 09:44:22.932 +01:00 [INF] Role: admin
