2025-02-20 08:40:28.698 +01:00 [INF] ID: 
2025-02-20 08:40:28.726 +01:00 [INF] Zalogowany: False
2025-02-20 08:40:31.189 +01:00 [INF] ID: bfa1c231-4f53-45f3-8ca0-ab5f44d20856
2025-02-20 08:40:31.189 +01:00 [INF] Zalogowany: True
2025-02-20 08:40:31.189 +01:00 [INF] Role: admin
2025-02-20 08:49:35.502 +01:00 [INF] ID: 
2025-02-20 08:49:35.526 +01:00 [INF] Zalogowany: False
2025-02-20 08:49:38.103 +01:00 [INF] ID: bfa1c231-4f53-45f3-8ca0-ab5f44d20856
2025-02-20 08:49:38.103 +01:00 [INF] Zalogowany: True
2025-02-20 08:49:38.103 +01:00 [INF] Role: admin
2025-02-20 08:52:32.149 +01:00 [INF] ID: 
2025-02-20 08:52:32.180 +01:00 [INF] Zalogowany: False
2025-02-20 08:52:34.651 +01:00 [INF] ID: bfa1c231-4f53-45f3-8ca0-ab5f44d20856
2025-02-20 08:52:34.652 +01:00 [INF] Zalogowany: True
2025-02-20 08:52:34.652 +01:00 [INF] Role: admin
2025-02-20 08:53:56.797 +01:00 [INF] ID: 
2025-02-20 08:53:56.827 +01:00 [INF] Zalogowany: False
2025-02-20 08:53:59.172 +01:00 [INF] ID: bfa1c231-4f53-45f3-8ca0-ab5f44d20856
2025-02-20 08:53:59.172 +01:00 [INF] Zalogowany: True
2025-02-20 08:53:59.172 +01:00 [INF] Role: admin
2025-02-20 08:54:44.648 +01:00 [INF] ID: 
2025-02-20 08:54:44.676 +01:00 [INF] Zalogowany: False
2025-02-20 08:54:47.024 +01:00 [INF] ID: bfa1c231-4f53-45f3-8ca0-ab5f44d20856
2025-02-20 08:54:47.024 +01:00 [INF] Zalogowany: True
2025-02-20 08:54:47.024 +01:00 [INF] Role: admin
2025-02-20 08:56:54.737 +01:00 [INF] ID: 
2025-02-20 08:56:54.760 +01:00 [INF] Zalogowany: False
2025-02-20 08:56:57.116 +01:00 [INF] ID: bfa1c231-4f53-45f3-8ca0-ab5f44d20856
2025-02-20 08:56:57.116 +01:00 [INF] Zalogowany: True
2025-02-20 08:56:57.116 +01:00 [INF] Role: admin
2025-02-20 09:00:42.390 +01:00 [INF] ID: 
2025-02-20 09:00:42.420 +01:00 [INF] Zalogowany: False
2025-02-20 09:00:44.783 +01:00 [INF] ID: bfa1c231-4f53-45f3-8ca0-ab5f44d20856
2025-02-20 09:00:44.783 +01:00 [INF] Zalogowany: True
2025-02-20 09:00:44.783 +01:00 [INF] Role: admin
2025-02-20 09:02:18.934 +01:00 [INF] ID: 
2025-02-20 09:02:18.958 +01:00 [INF] Zalogowany: False
2025-02-20 09:02:21.337 +01:00 [INF] ID: bfa1c231-4f53-45f3-8ca0-ab5f44d20856
2025-02-20 09:02:21.337 +01:00 [INF] Zalogowany: True
2025-02-20 09:02:21.337 +01:00 [INF] Role: admin
2025-02-20 09:06:00.657 +01:00 [INF] ID: 
2025-02-20 09:06:00.686 +01:00 [INF] Zalogowany: False
2025-02-20 09:06:03.341 +01:00 [INF] ID: bfa1c231-4f53-45f3-8ca0-ab5f44d20856
2025-02-20 09:06:03.341 +01:00 [INF] Zalogowany: True
2025-02-20 09:06:03.341 +01:00 [INF] Role: admin
2025-02-20 09:06:46.005 +01:00 [INF] ID: 
2025-02-20 09:06:46.031 +01:00 [INF] Zalogowany: False
2025-02-20 09:06:48.390 +01:00 [INF] ID: bfa1c231-4f53-45f3-8ca0-ab5f44d20856
2025-02-20 09:06:48.390 +01:00 [INF] Zalogowany: True
2025-02-20 09:06:48.390 +01:00 [INF] Role: admin
2025-02-20 09:09:30.571 +01:00 [INF] ID: 
2025-02-20 09:09:30.596 +01:00 [INF] Zalogowany: False
2025-02-20 09:09:32.962 +01:00 [INF] ID: bfa1c231-4f53-45f3-8ca0-ab5f44d20856
2025-02-20 09:09:32.962 +01:00 [INF] Zalogowany: True
2025-02-20 09:09:32.962 +01:00 [INF] Role: admin
2025-02-20 09:14:28.919 +01:00 [INF] ID: 
2025-02-20 09:14:28.945 +01:00 [INF] Zalogowany: False
2025-02-20 09:14:31.546 +01:00 [INF] ID: bfa1c231-4f53-45f3-8ca0-ab5f44d20856
2025-02-20 09:14:31.546 +01:00 [INF] Zalogowany: True
2025-02-20 09:14:31.546 +01:00 [INF] Role: admin
2025-02-20 09:15:00.369 +01:00 [INF] ID: 
2025-02-20 09:15:00.396 +01:00 [INF] Zalogowany: False
2025-02-20 09:15:02.750 +01:00 [INF] ID: bfa1c231-4f53-45f3-8ca0-ab5f44d20856
2025-02-20 09:15:02.750 +01:00 [INF] Zalogowany: True
2025-02-20 09:15:02.750 +01:00 [INF] Role: admin
2025-02-20 09:17:19.415 +01:00 [INF] ID: 
2025-02-20 09:17:19.446 +01:00 [INF] Zalogowany: False
2025-02-20 09:17:21.848 +01:00 [INF] ID: bfa1c231-4f53-45f3-8ca0-ab5f44d20856
2025-02-20 09:17:21.848 +01:00 [INF] Zalogowany: True
2025-02-20 09:17:21.848 +01:00 [INF] Role: admin
2025-02-20 09:18:47.593 +01:00 [INF] ID: 
2025-02-20 09:18:47.618 +01:00 [INF] Zalogowany: False
2025-02-20 09:18:49.972 +01:00 [INF] ID: bfa1c231-4f53-45f3-8ca0-ab5f44d20856
2025-02-20 09:18:49.972 +01:00 [INF] Zalogowany: True
2025-02-20 09:18:49.972 +01:00 [INF] Role: admin
2025-02-20 09:23:54.055 +01:00 [INF] ID: 
2025-02-20 09:23:54.093 +01:00 [INF] Zalogowany: False
2025-02-20 09:23:56.564 +01:00 [INF] ID: bfa1c231-4f53-45f3-8ca0-ab5f44d20856
2025-02-20 09:23:56.564 +01:00 [INF] Zalogowany: True
2025-02-20 09:23:56.564 +01:00 [INF] Role: admin
2025-02-20 10:30:21.060 +01:00 [INF] ID: 
2025-02-20 10:30:21.087 +01:00 [INF] Zalogowany: False
2025-02-20 10:30:23.682 +01:00 [INF] ID: bfa1c231-4f53-45f3-8ca0-ab5f44d20856
2025-02-20 10:30:23.682 +01:00 [INF] Zalogowany: True
2025-02-20 10:30:23.682 +01:00 [INF] Role: admin
2025-02-20 10:33:41.937 +01:00 [INF] ID: 
2025-02-20 10:33:41.960 +01:00 [INF] Zalogowany: False
2025-02-20 10:33:44.325 +01:00 [INF] ID: bfa1c231-4f53-45f3-8ca0-ab5f44d20856
2025-02-20 10:33:44.325 +01:00 [INF] Zalogowany: True
2025-02-20 10:33:44.325 +01:00 [INF] Role: admin
2025-02-20 10:34:38.590 +01:00 [INF] ID: 
2025-02-20 10:34:38.624 +01:00 [INF] Zalogowany: False
2025-02-20 10:34:41.051 +01:00 [INF] ID: bfa1c231-4f53-45f3-8ca0-ab5f44d20856
2025-02-20 10:34:41.051 +01:00 [INF] Zalogowany: True
2025-02-20 10:34:41.051 +01:00 [INF] Role: admin
2025-02-20 10:36:28.290 +01:00 [INF] ID: 
2025-02-20 10:36:28.313 +01:00 [INF] Zalogowany: False
2025-02-20 10:36:30.773 +01:00 [INF] ID: bfa1c231-4f53-45f3-8ca0-ab5f44d20856
2025-02-20 10:36:30.773 +01:00 [INF] Zalogowany: True
2025-02-20 10:36:30.773 +01:00 [INF] Role: admin
2025-02-20 10:37:07.695 +01:00 [INF] ID: 
2025-02-20 10:37:07.717 +01:00 [INF] Zalogowany: False
2025-02-20 10:37:10.123 +01:00 [INF] ID: bfa1c231-4f53-45f3-8ca0-ab5f44d20856
2025-02-20 10:37:10.123 +01:00 [INF] Zalogowany: True
2025-02-20 10:37:10.123 +01:00 [INF] Role: admin
2025-02-20 10:38:53.903 +01:00 [INF] ID: 
2025-02-20 10:38:53.929 +01:00 [INF] Zalogowany: False
2025-02-20 10:38:56.293 +01:00 [INF] ID: bfa1c231-4f53-45f3-8ca0-ab5f44d20856
2025-02-20 10:38:56.293 +01:00 [INF] Zalogowany: True
2025-02-20 10:38:56.293 +01:00 [INF] Role: admin
2025-02-20 10:39:32.172 +01:00 [INF] ID: 
2025-02-20 10:39:32.200 +01:00 [INF] Zalogowany: False
2025-02-20 10:39:34.568 +01:00 [INF] ID: bfa1c231-4f53-45f3-8ca0-ab5f44d20856
2025-02-20 10:39:34.568 +01:00 [INF] Zalogowany: True
2025-02-20 10:39:34.568 +01:00 [INF] Role: admin
2025-02-20 10:40:04.550 +01:00 [INF] ID: 
2025-02-20 10:40:04.577 +01:00 [INF] Zalogowany: False
2025-02-20 10:40:06.944 +01:00 [INF] ID: bfa1c231-4f53-45f3-8ca0-ab5f44d20856
2025-02-20 10:40:06.944 +01:00 [INF] Zalogowany: True
2025-02-20 10:40:06.944 +01:00 [INF] Role: admin
2025-02-20 10:41:56.260 +01:00 [INF] ID: 
2025-02-20 10:41:56.324 +01:00 [INF] Zalogowany: False
2025-02-20 10:41:58.753 +01:00 [INF] ID: bfa1c231-4f53-45f3-8ca0-ab5f44d20856
2025-02-20 10:41:58.753 +01:00 [INF] Zalogowany: True
2025-02-20 10:41:58.753 +01:00 [INF] Role: admin
2025-02-20 10:44:06.553 +01:00 [INF] ID: 
2025-02-20 10:44:06.583 +01:00 [INF] Zalogowany: False
2025-02-20 10:44:08.973 +01:00 [INF] ID: bfa1c231-4f53-45f3-8ca0-ab5f44d20856
2025-02-20 10:44:08.973 +01:00 [INF] Zalogowany: True
2025-02-20 10:44:08.973 +01:00 [INF] Role: admin
2025-02-20 10:45:31.208 +01:00 [INF] ID: 
2025-02-20 10:45:31.234 +01:00 [INF] Zalogowany: False
2025-02-20 10:45:33.620 +01:00 [INF] ID: bfa1c231-4f53-45f3-8ca0-ab5f44d20856
2025-02-20 10:45:33.620 +01:00 [INF] Zalogowany: True
2025-02-20 10:45:33.620 +01:00 [INF] Role: admin
2025-02-20 10:48:58.729 +01:00 [INF] ID: 
2025-02-20 10:48:58.751 +01:00 [INF] Zalogowany: False
2025-02-20 10:49:01.205 +01:00 [INF] ID: bfa1c231-4f53-45f3-8ca0-ab5f44d20856
2025-02-20 10:49:01.205 +01:00 [INF] Zalogowany: True
2025-02-20 10:49:01.205 +01:00 [INF] Role: admin
2025-02-20 10:51:08.700 +01:00 [INF] ID: 
2025-02-20 10:51:08.726 +01:00 [INF] Zalogowany: False
2025-02-20 10:51:11.108 +01:00 [INF] ID: bfa1c231-4f53-45f3-8ca0-ab5f44d20856
2025-02-20 10:51:11.108 +01:00 [INF] Zalogowany: True
2025-02-20 10:51:11.108 +01:00 [INF] Role: admin
2025-02-20 10:52:09.494 +01:00 [INF] ID: 
2025-02-20 10:52:09.494 +01:00 [INF] Zalogowany: False
2025-02-20 10:52:09.717 +01:00 [INF] ID: bfa1c231-4f53-45f3-8ca0-ab5f44d20856
2025-02-20 10:52:09.717 +01:00 [INF] Zalogowany: True
2025-02-20 10:52:09.717 +01:00 [INF] Role: admin
2025-02-20 10:52:17.446 +01:00 [INF] ID: 
2025-02-20 10:52:17.474 +01:00 [INF] Zalogowany: False
2025-02-20 10:52:19.852 +01:00 [INF] ID: bfa1c231-4f53-45f3-8ca0-ab5f44d20856
2025-02-20 10:52:19.852 +01:00 [INF] Zalogowany: True
2025-02-20 10:52:19.852 +01:00 [INF] Role: admin
