2025-03-05 11:08:18.305 +01:00 [INF] ID: 
2025-03-05 11:08:18.329 +01:00 [INF] Zalogowany: False
2025-03-05 11:08:18.476 +01:00 [INF] ID: f9b33065-c108-4c50-9fb5-89421a490437
2025-03-05 11:08:18.476 +01:00 [INF] Zalogowany: True
2025-03-05 11:08:18.476 +01:00 [INF] Role: admin
2025-03-05 11:11:50.179 +01:00 [INF] ID: 
2025-03-05 11:11:50.203 +01:00 [INF] Zalogowany: False
2025-03-05 11:11:50.348 +01:00 [INF] ID: f9b33065-c108-4c50-9fb5-89421a490437
2025-03-05 11:11:50.349 +01:00 [INF] Zalogowany: True
2025-03-05 11:11:50.349 +01:00 [INF] Role: admin
2025-03-05 11:12:18.978 +01:00 [INF] ID: f9b33065-c108-4c50-9fb5-89421a490437
2025-03-05 11:12:18.980 +01:00 [INF] Zalogowany: True
2025-03-05 11:12:19.080 +01:00 [INF] ID: f9b33065-c108-4c50-9fb5-89421a490437
2025-03-05 11:12:19.080 +01:00 [INF] Zalogowany: True
2025-03-05 11:12:19.080 +01:00 [INF] Role: admin
2025-03-05 11:12:50.898 +01:00 [INF] ID: f9b33065-c108-4c50-9fb5-89421a490437
2025-03-05 11:12:50.898 +01:00 [INF] Zalogowany: True
2025-03-05 11:12:50.997 +01:00 [INF] ID: f9b33065-c108-4c50-9fb5-89421a490437
2025-03-05 11:12:50.997 +01:00 [INF] Zalogowany: True
2025-03-05 11:12:50.997 +01:00 [INF] Role: admin
2025-03-05 11:13:39.466 +01:00 [INF] ID: 
2025-03-05 11:13:39.489 +01:00 [INF] Zalogowany: False
2025-03-05 11:13:39.660 +01:00 [INF] ID: f9b33065-c108-4c50-9fb5-89421a490437
2025-03-05 11:13:39.660 +01:00 [INF] Zalogowany: True
2025-03-05 11:13:39.660 +01:00 [INF] Role: admin
2025-03-05 11:14:22.648 +01:00 [INF] ID: f9b33065-c108-4c50-9fb5-89421a490437
2025-03-05 11:14:22.648 +01:00 [INF] Zalogowany: True
2025-03-05 11:14:22.746 +01:00 [INF] ID: f9b33065-c108-4c50-9fb5-89421a490437
2025-03-05 11:14:22.747 +01:00 [INF] Zalogowany: True
2025-03-05 11:14:22.747 +01:00 [INF] Role: admin
2025-03-05 11:14:28.235 +01:00 [INF] ID: f9b33065-c108-4c50-9fb5-89421a490437
2025-03-05 11:14:28.235 +01:00 [INF] Zalogowany: True
2025-03-05 11:14:28.329 +01:00 [INF] ID: f9b33065-c108-4c50-9fb5-89421a490437
2025-03-05 11:14:28.330 +01:00 [INF] Zalogowany: True
2025-03-05 11:14:28.330 +01:00 [INF] Role: admin
2025-03-05 11:14:34.066 +01:00 [INF] ID: f9b33065-c108-4c50-9fb5-89421a490437
2025-03-05 11:14:34.066 +01:00 [INF] Zalogowany: True
2025-03-05 11:14:34.158 +01:00 [INF] ID: f9b33065-c108-4c50-9fb5-89421a490437
2025-03-05 11:14:34.158 +01:00 [INF] Zalogowany: True
2025-03-05 11:14:34.158 +01:00 [INF] Role: admin
2025-03-05 11:14:48.748 +01:00 [INF] ID: f9b33065-c108-4c50-9fb5-89421a490437
2025-03-05 11:14:48.748 +01:00 [INF] Zalogowany: True
2025-03-05 11:14:48.841 +01:00 [INF] ID: f9b33065-c108-4c50-9fb5-89421a490437
2025-03-05 11:14:48.841 +01:00 [INF] Zalogowany: True
2025-03-05 11:14:48.841 +01:00 [INF] Role: admin
2025-03-05 11:16:51.643 +01:00 [INF] ID: 
2025-03-05 11:16:51.672 +01:00 [INF] Zalogowany: False
2025-03-05 11:16:51.859 +01:00 [INF] ID: f9b33065-c108-4c50-9fb5-89421a490437
2025-03-05 11:16:51.859 +01:00 [INF] Zalogowany: True
2025-03-05 11:16:51.859 +01:00 [INF] Role: admin
2025-03-05 11:17:04.401 +01:00 [INF] ID: f9b33065-c108-4c50-9fb5-89421a490437
2025-03-05 11:17:04.401 +01:00 [INF] Zalogowany: True
2025-03-05 11:17:04.497 +01:00 [INF] ID: f9b33065-c108-4c50-9fb5-89421a490437
2025-03-05 11:17:04.497 +01:00 [INF] Zalogowany: True
2025-03-05 11:17:04.497 +01:00 [INF] Role: admin
2025-03-05 11:17:11.855 +01:00 [INF] ID: f9b33065-c108-4c50-9fb5-89421a490437
2025-03-05 11:17:11.855 +01:00 [INF] Zalogowany: True
2025-03-05 11:17:11.948 +01:00 [INF] ID: f9b33065-c108-4c50-9fb5-89421a490437
2025-03-05 11:17:11.948 +01:00 [INF] Zalogowany: True
2025-03-05 11:17:11.948 +01:00 [INF] Role: admin
2025-03-05 11:18:46.485 +01:00 [INF] ID: 
2025-03-05 11:18:46.512 +01:00 [INF] Zalogowany: False
2025-03-05 11:18:46.713 +01:00 [INF] ID: f9b33065-c108-4c50-9fb5-89421a490437
2025-03-05 11:18:46.713 +01:00 [INF] Zalogowany: True
2025-03-05 11:18:46.713 +01:00 [INF] Role: admin
2025-03-05 14:15:14.068 +01:00 [INF] ID: 
2025-03-05 14:15:14.091 +01:00 [INF] Zalogowany: False
2025-03-05 14:15:16.202 +01:00 [INF] ID: f9b33065-c108-4c50-9fb5-89421a490437
2025-03-05 14:15:16.202 +01:00 [INF] Zalogowany: True
2025-03-05 14:15:16.202 +01:00 [INF] Role: admin
2025-03-05 14:15:53.020 +01:00 [INF] ID: 
2025-03-05 14:15:53.041 +01:00 [INF] Zalogowany: False
2025-03-05 14:15:53.257 +01:00 [INF] ID: f9b33065-c108-4c50-9fb5-89421a490437
2025-03-05 14:15:53.257 +01:00 [INF] Zalogowany: True
2025-03-05 14:15:53.257 +01:00 [INF] Role: admin
2025-03-05 14:17:11.512 +01:00 [INF] ID: 
2025-03-05 14:17:11.533 +01:00 [INF] Zalogowany: False
2025-03-05 14:17:11.720 +01:00 [INF] ID: f9b33065-c108-4c50-9fb5-89421a490437
2025-03-05 14:17:11.720 +01:00 [INF] Zalogowany: True
2025-03-05 14:17:11.720 +01:00 [INF] Role: admin
2025-03-05 14:19:08.309 +01:00 [INF] ID: 
2025-03-05 14:19:08.329 +01:00 [INF] Zalogowany: False
2025-03-05 14:19:08.500 +01:00 [INF] ID: f9b33065-c108-4c50-9fb5-89421a490437
2025-03-05 14:19:08.500 +01:00 [INF] Zalogowany: True
2025-03-05 14:19:08.500 +01:00 [INF] Role: admin
2025-03-05 14:20:24.730 +01:00 [INF] ID: 
2025-03-05 14:20:24.751 +01:00 [INF] Zalogowany: False
2025-03-05 14:20:24.946 +01:00 [INF] ID: f9b33065-c108-4c50-9fb5-89421a490437
2025-03-05 14:20:24.946 +01:00 [INF] Zalogowany: True
2025-03-05 14:20:24.946 +01:00 [INF] Role: admin
2025-03-05 14:35:10.496 +01:00 [INF] ID: 
2025-03-05 14:35:10.516 +01:00 [INF] Zalogowany: False
2025-03-05 14:35:10.693 +01:00 [INF] ID: f9b33065-c108-4c50-9fb5-89421a490437
2025-03-05 14:35:10.693 +01:00 [INF] Zalogowany: True
2025-03-05 14:35:10.693 +01:00 [INF] Role: admin
2025-03-05 14:55:12.192 +01:00 [INF] ID: 
2025-03-05 14:55:12.212 +01:00 [INF] Zalogowany: False
2025-03-05 14:55:12.397 +01:00 [INF] ID: f9b33065-c108-4c50-9fb5-89421a490437
2025-03-05 14:55:12.398 +01:00 [INF] Zalogowany: True
2025-03-05 14:55:12.398 +01:00 [INF] Role: admin
2025-03-05 14:56:59.052 +01:00 [INF] ID: 
2025-03-05 14:56:59.073 +01:00 [INF] Zalogowany: False
2025-03-05 14:56:59.253 +01:00 [INF] ID: f9b33065-c108-4c50-9fb5-89421a490437
2025-03-05 14:56:59.253 +01:00 [INF] Zalogowany: True
2025-03-05 14:56:59.253 +01:00 [INF] Role: admin
2025-03-05 14:58:56.026 +01:00 [INF] ID: 
2025-03-05 14:58:56.048 +01:00 [INF] Zalogowany: False
2025-03-05 14:58:56.306 +01:00 [INF] ID: f9b33065-c108-4c50-9fb5-89421a490437
2025-03-05 14:58:56.306 +01:00 [INF] Zalogowany: True
2025-03-05 14:58:56.306 +01:00 [INF] Role: admin
2025-03-05 15:01:25.681 +01:00 [INF] ID: 
2025-03-05 15:01:25.704 +01:00 [INF] Zalogowany: False
2025-03-05 15:01:25.863 +01:00 [INF] ID: f9b33065-c108-4c50-9fb5-89421a490437
2025-03-05 15:01:25.863 +01:00 [INF] Zalogowany: True
2025-03-05 15:01:25.863 +01:00 [INF] Role: admin
2025-03-05 15:11:27.896 +01:00 [INF] ID: 
2025-03-05 15:11:27.919 +01:00 [INF] Zalogowany: False
2025-03-05 15:11:28.104 +01:00 [INF] ID: f9b33065-c108-4c50-9fb5-89421a490437
2025-03-05 15:11:28.104 +01:00 [INF] Zalogowany: True
2025-03-05 15:11:28.104 +01:00 [INF] Role: admin
2025-03-05 15:14:19.562 +01:00 [INF] ID: 
2025-03-05 15:14:19.582 +01:00 [INF] Zalogowany: False
2025-03-05 15:14:19.773 +01:00 [INF] ID: f9b33065-c108-4c50-9fb5-89421a490437
2025-03-05 15:14:19.773 +01:00 [INF] Zalogowany: True
2025-03-05 15:14:19.773 +01:00 [INF] Role: admin
2025-03-05 15:15:54.837 +01:00 [INF] ID: 
2025-03-05 15:15:54.857 +01:00 [INF] Zalogowany: False
2025-03-05 15:15:55.065 +01:00 [INF] ID: f9b33065-c108-4c50-9fb5-89421a490437
2025-03-05 15:15:55.065 +01:00 [INF] Zalogowany: True
2025-03-05 15:15:55.065 +01:00 [INF] Role: admin
2025-03-05 15:16:39.562 +01:00 [INF] ID: 
2025-03-05 15:16:39.587 +01:00 [INF] Zalogowany: False
2025-03-05 15:16:39.753 +01:00 [INF] ID: f9b33065-c108-4c50-9fb5-89421a490437
2025-03-05 15:16:39.754 +01:00 [INF] Zalogowany: True
2025-03-05 15:16:39.754 +01:00 [INF] Role: admin
2025-03-05 15:17:03.862 +01:00 [INF] ID: 
2025-03-05 15:17:03.883 +01:00 [INF] Zalogowany: False
2025-03-05 15:17:04.113 +01:00 [INF] ID: f9b33065-c108-4c50-9fb5-89421a490437
2025-03-05 15:17:04.113 +01:00 [INF] Zalogowany: True
2025-03-05 15:17:04.113 +01:00 [INF] Role: admin
2025-03-05 15:17:43.129 +01:00 [INF] ID: 
2025-03-05 15:17:43.149 +01:00 [INF] Zalogowany: False
2025-03-05 15:17:43.340 +01:00 [INF] ID: f9b33065-c108-4c50-9fb5-89421a490437
2025-03-05 15:17:43.340 +01:00 [INF] Zalogowany: True
2025-03-05 15:17:43.340 +01:00 [INF] Role: admin
2025-03-05 15:20:18.362 +01:00 [INF] ID: 
2025-03-05 15:20:18.383 +01:00 [INF] Zalogowany: False
2025-03-05 15:20:18.581 +01:00 [INF] ID: f9b33065-c108-4c50-9fb5-89421a490437
2025-03-05 15:20:18.581 +01:00 [INF] Zalogowany: True
2025-03-05 15:20:18.581 +01:00 [INF] Role: admin
2025-03-05 15:28:53.673 +01:00 [INF] ID: 
2025-03-05 15:28:53.694 +01:00 [INF] Zalogowany: False
2025-03-05 15:28:53.858 +01:00 [INF] ID: f9b33065-c108-4c50-9fb5-89421a490437
2025-03-05 15:28:53.858 +01:00 [INF] Zalogowany: True
2025-03-05 15:28:53.858 +01:00 [INF] Role: admin
2025-03-05 15:30:36.502 +01:00 [INF] ID: 
2025-03-05 15:30:36.544 +01:00 [INF] Zalogowany: False
2025-03-05 15:30:36.713 +01:00 [INF] ID: f9b33065-c108-4c50-9fb5-89421a490437
2025-03-05 15:30:36.713 +01:00 [INF] Zalogowany: True
2025-03-05 15:30:36.713 +01:00 [INF] Role: admin
2025-03-05 15:31:04.698 +01:00 [INF] ID: 
2025-03-05 15:31:04.719 +01:00 [INF] Zalogowany: False
2025-03-05 15:31:04.968 +01:00 [INF] ID: f9b33065-c108-4c50-9fb5-89421a490437
2025-03-05 15:31:04.968 +01:00 [INF] Zalogowany: True
2025-03-05 15:31:04.968 +01:00 [INF] Role: admin
2025-03-05 15:35:02.148 +01:00 [INF] ID: 
2025-03-05 15:35:02.170 +01:00 [INF] Zalogowany: False
2025-03-05 15:35:02.382 +01:00 [INF] ID: f9b33065-c108-4c50-9fb5-89421a490437
2025-03-05 15:35:02.382 +01:00 [INF] Zalogowany: True
2025-03-05 15:35:02.382 +01:00 [INF] Role: admin
2025-03-05 15:36:57.328 +01:00 [INF] ID: 
2025-03-05 15:36:57.349 +01:00 [INF] Zalogowany: False
2025-03-05 15:36:57.519 +01:00 [INF] ID: f9b33065-c108-4c50-9fb5-89421a490437
2025-03-05 15:36:57.519 +01:00 [INF] Zalogowany: True
2025-03-05 15:36:57.519 +01:00 [INF] Role: admin
2025-03-05 15:40:10.500 +01:00 [INF] ID: 
2025-03-05 15:40:10.522 +01:00 [INF] Zalogowany: False
2025-03-05 15:40:10.702 +01:00 [INF] ID: f9b33065-c108-4c50-9fb5-89421a490437
2025-03-05 15:40:10.702 +01:00 [INF] Zalogowany: True
2025-03-05 15:40:10.702 +01:00 [INF] Role: admin
2025-03-05 15:41:50.027 +01:00 [INF] ID: 
2025-03-05 15:41:50.050 +01:00 [INF] Zalogowany: False
2025-03-05 15:41:50.225 +01:00 [INF] ID: f9b33065-c108-4c50-9fb5-89421a490437
2025-03-05 15:41:50.225 +01:00 [INF] Zalogowany: True
2025-03-05 15:41:50.225 +01:00 [INF] Role: admin
2025-03-05 15:44:05.198 +01:00 [INF] ID: 
2025-03-05 15:44:05.218 +01:00 [INF] Zalogowany: False
2025-03-05 15:44:05.426 +01:00 [INF] ID: f9b33065-c108-4c50-9fb5-89421a490437
2025-03-05 15:44:05.426 +01:00 [INF] Zalogowany: True
2025-03-05 15:44:05.426 +01:00 [INF] Role: admin
2025-03-05 15:44:06.987 +01:00 [INF] ID: f9b33065-c108-4c50-9fb5-89421a490437
2025-03-05 15:44:06.987 +01:00 [INF] Zalogowany: True
2025-03-05 15:44:07.087 +01:00 [INF] ID: f9b33065-c108-4c50-9fb5-89421a490437
2025-03-05 15:44:07.087 +01:00 [INF] Zalogowany: True
2025-03-05 15:44:07.087 +01:00 [INF] Role: admin
2025-03-05 15:49:18.972 +01:00 [INF] ID: 
2025-03-05 15:49:18.994 +01:00 [INF] Zalogowany: False
2025-03-05 15:49:19.202 +01:00 [INF] ID: f9b33065-c108-4c50-9fb5-89421a490437
2025-03-05 15:49:19.202 +01:00 [INF] Zalogowany: True
2025-03-05 15:49:19.202 +01:00 [INF] Role: admin
2025-03-05 15:50:17.232 +01:00 [INF] ID: 
2025-03-05 15:50:17.253 +01:00 [INF] Zalogowany: False
2025-03-05 15:50:17.432 +01:00 [INF] ID: f9b33065-c108-4c50-9fb5-89421a490437
2025-03-05 15:50:17.432 +01:00 [INF] Zalogowany: True
2025-03-05 15:50:17.432 +01:00 [INF] Role: admin
2025-03-05 15:51:14.842 +01:00 [INF] ID: 
2025-03-05 15:51:14.866 +01:00 [INF] Zalogowany: False
2025-03-05 15:51:15.058 +01:00 [INF] ID: f9b33065-c108-4c50-9fb5-89421a490437
2025-03-05 15:51:15.058 +01:00 [INF] Zalogowany: True
2025-03-05 15:51:15.058 +01:00 [INF] Role: admin
2025-03-05 15:51:59.038 +01:00 [INF] ID: 
2025-03-05 15:51:59.059 +01:00 [INF] Zalogowany: False
2025-03-05 15:51:59.222 +01:00 [INF] ID: f9b33065-c108-4c50-9fb5-89421a490437
2025-03-05 15:51:59.222 +01:00 [INF] Zalogowany: True
2025-03-05 15:51:59.222 +01:00 [INF] Role: admin
2025-03-05 15:57:38.300 +01:00 [INF] ID: 
2025-03-05 15:57:38.322 +01:00 [INF] Zalogowany: False
2025-03-05 15:57:38.497 +01:00 [INF] ID: f9b33065-c108-4c50-9fb5-89421a490437
2025-03-05 15:57:38.497 +01:00 [INF] Zalogowany: True
2025-03-05 15:57:38.497 +01:00 [INF] Role: admin
2025-03-05 15:57:48.908 +01:00 [INF] ID: f9b33065-c108-4c50-9fb5-89421a490437
2025-03-05 15:57:48.908 +01:00 [INF] Zalogowany: True
2025-03-05 15:57:49.054 +01:00 [INF] ID: f9b33065-c108-4c50-9fb5-89421a490437
2025-03-05 15:57:49.054 +01:00 [INF] Zalogowany: True
2025-03-05 15:57:49.054 +01:00 [INF] Role: admin
2025-03-05 15:57:59.329 +01:00 [INF] ID: 
2025-03-05 15:57:59.350 +01:00 [INF] Zalogowany: False
2025-03-05 15:57:59.517 +01:00 [INF] ID: f9b33065-c108-4c50-9fb5-89421a490437
2025-03-05 15:57:59.517 +01:00 [INF] Zalogowany: True
2025-03-05 15:57:59.517 +01:00 [INF] Role: admin
2025-03-05 15:58:20.969 +01:00 [INF] ID: 
2025-03-05 15:58:20.992 +01:00 [INF] Zalogowany: False
2025-03-05 15:58:21.194 +01:00 [INF] ID: f9b33065-c108-4c50-9fb5-89421a490437
2025-03-05 15:58:21.194 +01:00 [INF] Zalogowany: True
2025-03-05 15:58:21.194 +01:00 [INF] Role: admin
2025-03-05 15:59:16.737 +01:00 [INF] ID: f9b33065-c108-4c50-9fb5-89421a490437
2025-03-05 15:59:16.738 +01:00 [INF] Zalogowany: True
2025-03-05 15:59:16.840 +01:00 [INF] ID: f9b33065-c108-4c50-9fb5-89421a490437
2025-03-05 15:59:16.840 +01:00 [INF] Zalogowany: True
2025-03-05 15:59:16.840 +01:00 [INF] Role: admin
2025-03-05 16:00:26.401 +01:00 [INF] ID: 
2025-03-05 16:00:26.426 +01:00 [INF] Zalogowany: False
2025-03-05 16:00:26.625 +01:00 [INF] ID: f9b33065-c108-4c50-9fb5-89421a490437
2025-03-05 16:00:26.625 +01:00 [INF] Zalogowany: True
2025-03-05 16:00:26.625 +01:00 [INF] Role: admin
2025-03-05 16:01:53.425 +01:00 [INF] ID: 
2025-03-05 16:01:53.446 +01:00 [INF] Zalogowany: False
2025-03-05 16:01:53.608 +01:00 [INF] ID: f9b33065-c108-4c50-9fb5-89421a490437
2025-03-05 16:01:53.608 +01:00 [INF] Zalogowany: True
2025-03-05 16:01:53.608 +01:00 [INF] Role: admin
2025-03-05 16:02:28.478 +01:00 [INF] ID: 
2025-03-05 16:02:28.499 +01:00 [INF] Zalogowany: False
2025-03-05 16:02:28.669 +01:00 [INF] ID: f9b33065-c108-4c50-9fb5-89421a490437
2025-03-05 16:02:28.669 +01:00 [INF] Zalogowany: True
2025-03-05 16:02:28.669 +01:00 [INF] Role: admin
2025-03-05 16:11:17.246 +01:00 [INF] ID: 
2025-03-05 16:11:17.278 +01:00 [INF] Zalogowany: False
2025-03-05 16:11:17.497 +01:00 [INF] ID: f9b33065-c108-4c50-9fb5-89421a490437
2025-03-05 16:11:17.498 +01:00 [INF] Zalogowany: True
2025-03-05 16:11:17.498 +01:00 [INF] Role: admin
2025-03-05 16:11:56.335 +01:00 [INF] ID: 
2025-03-05 16:11:56.357 +01:00 [INF] Zalogowany: False
2025-03-05 16:11:56.529 +01:00 [INF] ID: f9b33065-c108-4c50-9fb5-89421a490437
2025-03-05 16:11:56.529 +01:00 [INF] Zalogowany: True
2025-03-05 16:11:56.529 +01:00 [INF] Role: admin
2025-03-05 16:12:13.172 +01:00 [INF] ID: 
2025-03-05 16:12:13.193 +01:00 [INF] Zalogowany: False
2025-03-05 16:12:13.358 +01:00 [INF] ID: f9b33065-c108-4c50-9fb5-89421a490437
2025-03-05 16:12:13.358 +01:00 [INF] Zalogowany: True
2025-03-05 16:12:13.358 +01:00 [INF] Role: admin
2025-03-05 16:12:30.365 +01:00 [INF] ID: 
2025-03-05 16:12:30.387 +01:00 [INF] Zalogowany: False
2025-03-05 16:12:30.563 +01:00 [INF] ID: f9b33065-c108-4c50-9fb5-89421a490437
2025-03-05 16:12:30.564 +01:00 [INF] Zalogowany: True
2025-03-05 16:12:30.564 +01:00 [INF] Role: admin
2025-03-05 16:15:06.401 +01:00 [INF] ID: 
2025-03-05 16:15:06.422 +01:00 [INF] Zalogowany: False
2025-03-05 16:15:06.589 +01:00 [INF] ID: f9b33065-c108-4c50-9fb5-89421a490437
2025-03-05 16:15:06.589 +01:00 [INF] Zalogowany: True
2025-03-05 16:15:06.589 +01:00 [INF] Role: admin
2025-03-05 16:15:32.267 +01:00 [INF] ID: 
2025-03-05 16:15:32.288 +01:00 [INF] Zalogowany: False
2025-03-05 16:15:32.490 +01:00 [INF] ID: f9b33065-c108-4c50-9fb5-89421a490437
2025-03-05 16:15:32.491 +01:00 [INF] Zalogowany: True
2025-03-05 16:15:32.491 +01:00 [INF] Role: admin
