2025-02-19 10:44:34.100 +01:00 [INF] ID: 
2025-02-19 10:44:34.127 +01:00 [INF] Zalogowany: False
2025-02-19 10:49:37.924 +01:00 [INF] ID: 
2025-02-19 10:49:37.951 +01:00 [INF] Zalogowany: False
2025-02-19 10:49:43.017 +01:00 [INF] ID: bfa1c231-4f53-45f3-8ca0-ab5f44d20856
2025-02-19 10:49:43.017 +01:00 [INF] Zalogowany: True
2025-02-19 10:49:43.017 +01:00 [INF] Role: admin
2025-02-19 11:10:50.572 +01:00 [INF] ID: 
2025-02-19 11:10:50.594 +01:00 [INF] Zalogowany: False
2025-02-19 11:10:54.027 +01:00 [INF] ID: bfa1c231-4f53-45f3-8ca0-ab5f44d20856
2025-02-19 11:10:54.027 +01:00 [INF] Zalogowany: True
2025-02-19 11:10:54.029 +01:00 [INF] Role: admin
2025-02-19 11:12:25.774 +01:00 [INF] ID: 
2025-02-19 11:12:25.803 +01:00 [INF] Zalogowany: False
2025-02-19 11:12:29.024 +01:00 [INF] ID: bfa1c231-4f53-45f3-8ca0-ab5f44d20856
2025-02-19 11:12:29.024 +01:00 [INF] Zalogowany: True
2025-02-19 11:12:29.024 +01:00 [INF] Role: admin
2025-02-19 11:15:55.095 +01:00 [INF] ID: 
2025-02-19 11:15:55.119 +01:00 [INF] Zalogowany: False
2025-02-19 11:15:58.409 +01:00 [INF] ID: bfa1c231-4f53-45f3-8ca0-ab5f44d20856
2025-02-19 11:15:58.409 +01:00 [INF] Zalogowany: True
2025-02-19 11:15:58.409 +01:00 [INF] Role: admin
2025-02-19 11:16:23.683 +01:00 [INF] ID: 
2025-02-19 11:16:23.683 +01:00 [INF] Zalogowany: False
2025-02-19 11:16:33.623 +01:00 [ERR] Failed to log in.
2025-02-19 11:17:23.637 +01:00 [INF] ID: 
2025-02-19 11:17:23.637 +01:00 [INF] Zalogowany: False
2025-02-19 11:17:24.454 +01:00 [INF] ID: 3e83a119-631f-4e33-a28e-43d2046d883a
2025-02-19 11:17:24.454 +01:00 [INF] Zalogowany: True
2025-02-19 11:17:24.454 +01:00 [INF] Role: User
2025-02-19 11:21:11.603 +01:00 [INF] ID: 
2025-02-19 11:21:11.626 +01:00 [INF] Zalogowany: False
2025-02-19 11:21:14.654 +01:00 [INF] ID: 3e83a119-631f-4e33-a28e-43d2046d883a
2025-02-19 11:21:14.654 +01:00 [INF] Zalogowany: True
2025-02-19 11:21:14.655 +01:00 [INF] Role: User
2025-02-19 11:21:49.108 +01:00 [INF] ID: 
2025-02-19 11:21:49.137 +01:00 [INF] Zalogowany: False
2025-02-19 11:21:52.105 +01:00 [INF] ID: 3e83a119-631f-4e33-a28e-43d2046d883a
2025-02-19 11:21:52.105 +01:00 [INF] Zalogowany: True
2025-02-19 11:21:52.105 +01:00 [INF] Role: User
2025-02-19 11:22:56.039 +01:00 [INF] ID: 
2025-02-19 11:22:56.068 +01:00 [INF] Zalogowany: False
2025-02-19 11:22:59.093 +01:00 [INF] ID: 3e83a119-631f-4e33-a28e-43d2046d883a
2025-02-19 11:22:59.093 +01:00 [INF] Zalogowany: True
2025-02-19 11:22:59.093 +01:00 [INF] Role: User
2025-02-19 11:23:14.385 +01:00 [INF] ID: 
2025-02-19 11:23:14.385 +01:00 [INF] Zalogowany: False
2025-02-19 11:23:15.319 +01:00 [INF] ID: bfa1c231-4f53-45f3-8ca0-ab5f44d20856
2025-02-19 11:23:15.319 +01:00 [INF] Zalogowany: True
2025-02-19 11:23:15.319 +01:00 [INF] Role: admin
2025-02-19 11:23:30.171 +01:00 [INF] ID: 
2025-02-19 11:23:30.203 +01:00 [INF] Zalogowany: False
2025-02-19 11:23:33.338 +01:00 [INF] ID: bfa1c231-4f53-45f3-8ca0-ab5f44d20856
2025-02-19 11:23:33.338 +01:00 [INF] Zalogowany: True
2025-02-19 11:23:33.338 +01:00 [INF] Role: admin
2025-02-19 11:24:06.070 +01:00 [INF] ID: 
2025-02-19 11:24:06.091 +01:00 [INF] Zalogowany: False
2025-02-19 11:24:09.429 +01:00 [INF] ID: bfa1c231-4f53-45f3-8ca0-ab5f44d20856
2025-02-19 11:24:09.429 +01:00 [INF] Zalogowany: True
2025-02-19 11:24:09.429 +01:00 [INF] Role: admin
2025-02-19 11:25:15.847 +01:00 [INF] ID: 
2025-02-19 11:25:15.871 +01:00 [INF] Zalogowany: False
2025-02-19 11:25:19.042 +01:00 [INF] ID: bfa1c231-4f53-45f3-8ca0-ab5f44d20856
2025-02-19 11:25:19.042 +01:00 [INF] Zalogowany: True
2025-02-19 11:25:19.042 +01:00 [INF] Role: admin
2025-02-19 11:26:10.444 +01:00 [INF] ID: 
2025-02-19 11:26:10.502 +01:00 [INF] Zalogowany: False
2025-02-19 11:26:13.662 +01:00 [INF] ID: bfa1c231-4f53-45f3-8ca0-ab5f44d20856
2025-02-19 11:26:13.662 +01:00 [INF] Zalogowany: True
2025-02-19 11:26:13.662 +01:00 [INF] Role: admin
2025-02-19 11:26:46.717 +01:00 [INF] ID: 
2025-02-19 11:26:46.742 +01:00 [INF] Zalogowany: False
2025-02-19 11:26:49.881 +01:00 [INF] ID: bfa1c231-4f53-45f3-8ca0-ab5f44d20856
2025-02-19 11:26:49.881 +01:00 [INF] Zalogowany: True
2025-02-19 11:26:49.881 +01:00 [INF] Role: admin
2025-02-19 11:28:59.261 +01:00 [INF] ID: 
2025-02-19 11:28:59.289 +01:00 [INF] Zalogowany: False
2025-02-19 11:29:02.414 +01:00 [INF] ID: bfa1c231-4f53-45f3-8ca0-ab5f44d20856
2025-02-19 11:29:02.414 +01:00 [INF] Zalogowany: True
2025-02-19 11:29:02.414 +01:00 [INF] Role: admin
2025-02-19 11:29:48.640 +01:00 [INF] ID: 
2025-02-19 11:29:48.661 +01:00 [INF] Zalogowany: False
2025-02-19 11:29:51.783 +01:00 [INF] ID: bfa1c231-4f53-45f3-8ca0-ab5f44d20856
2025-02-19 11:29:51.783 +01:00 [INF] Zalogowany: True
2025-02-19 11:29:51.783 +01:00 [INF] Role: admin
2025-02-19 11:44:25.190 +01:00 [INF] ID: 
2025-02-19 11:44:25.214 +01:00 [INF] Zalogowany: False
2025-02-19 11:44:28.489 +01:00 [INF] ID: bfa1c231-4f53-45f3-8ca0-ab5f44d20856
2025-02-19 11:44:28.489 +01:00 [INF] Zalogowany: True
2025-02-19 11:44:28.489 +01:00 [INF] Role: admin
2025-02-19 11:44:54.006 +01:00 [INF] ID: 
2025-02-19 11:44:54.029 +01:00 [INF] Zalogowany: False
2025-02-19 11:44:57.214 +01:00 [INF] ID: bfa1c231-4f53-45f3-8ca0-ab5f44d20856
2025-02-19 11:44:57.214 +01:00 [INF] Zalogowany: True
2025-02-19 11:44:57.214 +01:00 [INF] Role: admin
2025-02-19 11:44:57.360 +01:00 [INF] ID: bfa1c231-4f53-45f3-8ca0-ab5f44d20856
2025-02-19 11:44:57.360 +01:00 [INF] Zalogowany: True
2025-02-19 11:44:58.295 +01:00 [INF] ID: bfa1c231-4f53-45f3-8ca0-ab5f44d20856
2025-02-19 11:44:58.296 +01:00 [INF] Zalogowany: True
2025-02-19 11:44:58.296 +01:00 [INF] Role: admin
2025-02-19 12:06:03.733 +01:00 [INF] ID: 
2025-02-19 12:06:03.758 +01:00 [INF] Zalogowany: False
2025-02-19 12:06:07.023 +01:00 [INF] ID: bfa1c231-4f53-45f3-8ca0-ab5f44d20856
2025-02-19 12:06:07.023 +01:00 [INF] Zalogowany: True
2025-02-19 12:06:07.023 +01:00 [INF] Role: admin
