2025-02-26 08:33:54.856 +01:00 [INF] ID: 
2025-02-26 08:33:54.885 +01:00 [INF] Zalogowany: False
2025-02-26 08:33:55.180 +01:00 [INF] ID: f9b33065-c108-4c50-9fb5-89421a490437
2025-02-26 08:33:55.180 +01:00 [INF] Zalogowany: True
2025-02-26 08:33:55.180 +01:00 [INF] Role: admin
2025-02-26 08:34:35.400 +01:00 [INF] ID: 
2025-02-26 08:34:35.400 +01:00 [INF] Zalogowany: False
2025-02-26 08:34:35.510 +01:00 [INF] ID: f9b33065-c108-4c50-9fb5-89421a490437
2025-02-26 08:34:35.510 +01:00 [INF] Zalogowany: True
2025-02-26 08:34:35.510 +01:00 [INF] Role: admin
2025-02-26 08:34:49.459 +01:00 [INF] ID: 
2025-02-26 08:34:49.482 +01:00 [INF] Zalogowany: False
2025-02-26 08:34:49.719 +01:00 [INF] ID: f9b33065-c108-4c50-9fb5-89421a490437
2025-02-26 08:34:49.719 +01:00 [INF] Zalogowany: True
2025-02-26 08:34:49.719 +01:00 [INF] Role: admin
2025-02-26 12:35:10.572 +01:00 [INF] ID: 
2025-02-26 12:35:10.597 +01:00 [INF] Zalogowany: False
2025-02-26 12:35:10.860 +01:00 [INF] ID: f9b33065-c108-4c50-9fb5-89421a490437
2025-02-26 12:35:10.860 +01:00 [INF] Zalogowany: True
2025-02-26 12:35:10.860 +01:00 [INF] Role: admin
2025-02-26 12:47:02.330 +01:00 [INF] ID: 
2025-02-26 12:47:02.353 +01:00 [INF] Zalogowany: False
2025-02-26 12:47:02.691 +01:00 [INF] ID: f9b33065-c108-4c50-9fb5-89421a490437
2025-02-26 12:47:02.691 +01:00 [INF] Zalogowany: True
2025-02-26 12:47:02.691 +01:00 [INF] Role: admin
2025-02-26 12:49:03.859 +01:00 [INF] ID: 
2025-02-26 12:49:03.859 +01:00 [INF] Zalogowany: False
2025-02-26 12:49:03.971 +01:00 [INF] ID: f9b33065-c108-4c50-9fb5-89421a490437
2025-02-26 12:49:03.971 +01:00 [INF] Zalogowany: True
2025-02-26 12:49:03.971 +01:00 [INF] Role: admin
