2025-02-18 10:56:20.836 +01:00 [INF] ID: 
2025-02-18 10:56:20.867 +01:00 [INF] Zalogowany: False
2025-02-18 10:56:23.363 +01:00 [INF] ID: bfa1c231-4f53-45f3-8ca0-ab5f44d20856
2025-02-18 10:56:23.363 +01:00 [INF] Zalogowany: True
2025-02-18 10:56:23.363 +01:00 [INF] Role: admin
2025-02-18 11:00:57.312 +01:00 [INF] ID: 
2025-02-18 11:00:57.338 +01:00 [INF] Zalogowany: False
2025-02-18 11:01:00.087 +01:00 [INF] ID: bfa1c231-4f53-45f3-8ca0-ab5f44d20856
2025-02-18 11:01:00.087 +01:00 [INF] Zalogowany: True
2025-02-18 11:01:00.088 +01:00 [INF] Role: admin
2025-02-18 11:01:04.907 +01:00 [INF] ID: bfa1c231-4f53-45f3-8ca0-ab5f44d20856
2025-02-18 11:01:04.909 +01:00 [INF] Zalogowany: True
2025-02-18 11:01:05.086 +01:00 [INF] ID: bfa1c231-4f53-45f3-8ca0-ab5f44d20856
2025-02-18 11:01:05.086 +01:00 [INF] Zalogowany: True
2025-02-18 11:01:05.086 +01:00 [INF] Role: admin
2025-02-18 11:24:19.427 +01:00 [INF] ID: 
2025-02-18 11:24:19.447 +01:00 [INF] Zalogowany: False
2025-02-18 11:24:21.842 +01:00 [INF] ID: bfa1c231-4f53-45f3-8ca0-ab5f44d20856
2025-02-18 11:24:21.842 +01:00 [INF] Zalogowany: True
2025-02-18 11:24:21.842 +01:00 [INF] Role: admin
2025-02-18 11:27:43.813 +01:00 [INF] ID: 
2025-02-18 11:27:43.836 +01:00 [INF] Zalogowany: False
2025-02-18 11:27:46.196 +01:00 [INF] ID: bfa1c231-4f53-45f3-8ca0-ab5f44d20856
2025-02-18 11:27:46.196 +01:00 [INF] Zalogowany: True
2025-02-18 11:27:46.196 +01:00 [INF] Role: admin
2025-02-18 11:29:22.069 +01:00 [INF] ID: 
2025-02-18 11:29:22.093 +01:00 [INF] Zalogowany: False
2025-02-18 11:29:24.466 +01:00 [INF] ID: bfa1c231-4f53-45f3-8ca0-ab5f44d20856
2025-02-18 11:29:24.466 +01:00 [INF] Zalogowany: True
2025-02-18 11:29:24.466 +01:00 [INF] Role: admin
2025-02-18 11:32:14.537 +01:00 [INF] ID: 
2025-02-18 11:32:14.561 +01:00 [INF] Zalogowany: False
2025-02-18 11:32:16.924 +01:00 [INF] ID: bfa1c231-4f53-45f3-8ca0-ab5f44d20856
2025-02-18 11:32:16.924 +01:00 [INF] Zalogowany: True
2025-02-18 11:32:16.924 +01:00 [INF] Role: admin
2025-02-18 11:34:19.401 +01:00 [INF] ID: 
2025-02-18 11:34:19.429 +01:00 [INF] Zalogowany: False
2025-02-18 11:34:21.791 +01:00 [INF] ID: bfa1c231-4f53-45f3-8ca0-ab5f44d20856
2025-02-18 11:34:21.791 +01:00 [INF] Zalogowany: True
2025-02-18 11:34:21.791 +01:00 [INF] Role: admin
2025-02-18 11:42:00.512 +01:00 [INF] ID: 
2025-02-18 11:42:00.535 +01:00 [INF] Zalogowany: False
2025-02-18 11:42:02.934 +01:00 [INF] ID: bfa1c231-4f53-45f3-8ca0-ab5f44d20856
2025-02-18 11:42:02.934 +01:00 [INF] Zalogowany: True
2025-02-18 11:42:02.934 +01:00 [INF] Role: admin
2025-02-18 12:00:03.322 +01:00 [INF] ID: 
2025-02-18 12:00:03.354 +01:00 [INF] Zalogowany: False
2025-02-18 12:00:05.770 +01:00 [INF] ID: bfa1c231-4f53-45f3-8ca0-ab5f44d20856
2025-02-18 12:00:05.770 +01:00 [INF] Zalogowany: True
2025-02-18 12:00:05.770 +01:00 [INF] Role: admin
2025-02-18 12:00:49.261 +01:00 [INF] ID: 
2025-02-18 12:00:49.287 +01:00 [INF] Zalogowany: False
2025-02-18 12:00:51.676 +01:00 [INF] ID: bfa1c231-4f53-45f3-8ca0-ab5f44d20856
2025-02-18 12:00:51.676 +01:00 [INF] Zalogowany: True
2025-02-18 12:00:51.676 +01:00 [INF] Role: admin
2025-02-18 12:00:54.522 +01:00 [INF] ID: bfa1c231-4f53-45f3-8ca0-ab5f44d20856
2025-02-18 12:00:54.522 +01:00 [INF] Zalogowany: True
2025-02-18 12:00:54.732 +01:00 [INF] ID: bfa1c231-4f53-45f3-8ca0-ab5f44d20856
2025-02-18 12:00:54.732 +01:00 [INF] Zalogowany: True
2025-02-18 12:00:54.732 +01:00 [INF] Role: admin
2025-02-18 12:26:07.988 +01:00 [INF] ID: 
2025-02-18 12:26:08.012 +01:00 [INF] Zalogowany: False
2025-02-18 12:26:10.834 +01:00 [INF] ID: bfa1c231-4f53-45f3-8ca0-ab5f44d20856
2025-02-18 12:26:10.834 +01:00 [INF] Zalogowany: True
2025-02-18 12:26:10.834 +01:00 [INF] Role: admin
2025-02-18 12:27:25.625 +01:00 [INF] ID: 
2025-02-18 12:27:25.660 +01:00 [INF] Zalogowany: False
2025-02-18 12:27:28.034 +01:00 [INF] ID: bfa1c231-4f53-45f3-8ca0-ab5f44d20856
2025-02-18 12:27:28.034 +01:00 [INF] Zalogowany: True
2025-02-18 12:27:28.034 +01:00 [INF] Role: admin
2025-02-18 12:28:24.193 +01:00 [INF] ID: 
2025-02-18 12:28:24.222 +01:00 [INF] Zalogowany: False
2025-02-18 12:28:26.595 +01:00 [INF] ID: bfa1c231-4f53-45f3-8ca0-ab5f44d20856
2025-02-18 12:28:26.595 +01:00 [INF] Zalogowany: True
2025-02-18 12:28:26.595 +01:00 [INF] Role: admin
2025-02-18 12:28:48.436 +01:00 [INF] ID: 
2025-02-18 12:28:48.461 +01:00 [INF] Zalogowany: False
2025-02-18 12:28:50.802 +01:00 [INF] ID: bfa1c231-4f53-45f3-8ca0-ab5f44d20856
2025-02-18 12:28:50.802 +01:00 [INF] Zalogowany: True
2025-02-18 12:28:50.802 +01:00 [INF] Role: admin
2025-02-18 12:28:53.356 +01:00 [INF] ID: bfa1c231-4f53-45f3-8ca0-ab5f44d20856
2025-02-18 12:28:53.356 +01:00 [INF] Zalogowany: True
2025-02-18 12:28:53.539 +01:00 [INF] ID: bfa1c231-4f53-45f3-8ca0-ab5f44d20856
2025-02-18 12:28:53.539 +01:00 [INF] Zalogowany: True
2025-02-18 12:28:53.539 +01:00 [INF] Role: admin
2025-02-18 12:29:36.800 +01:00 [INF] ID: 
2025-02-18 12:29:36.822 +01:00 [INF] Zalogowany: False
2025-02-18 12:29:39.171 +01:00 [INF] ID: bfa1c231-4f53-45f3-8ca0-ab5f44d20856
2025-02-18 12:29:39.171 +01:00 [INF] Zalogowany: True
2025-02-18 12:29:39.171 +01:00 [INF] Role: admin
2025-02-18 12:29:42.542 +01:00 [INF] ID: bfa1c231-4f53-45f3-8ca0-ab5f44d20856
2025-02-18 12:29:42.542 +01:00 [INF] Zalogowany: True
2025-02-18 12:29:42.935 +01:00 [INF] ID: bfa1c231-4f53-45f3-8ca0-ab5f44d20856
2025-02-18 12:29:42.935 +01:00 [INF] Zalogowany: True
2025-02-18 12:29:42.935 +01:00 [INF] Role: admin
2025-02-18 13:10:26.769 +01:00 [INF] ID: 
2025-02-18 13:10:26.795 +01:00 [INF] Zalogowany: False
2025-02-18 13:10:29.472 +01:00 [INF] ID: bfa1c231-4f53-45f3-8ca0-ab5f44d20856
2025-02-18 13:10:29.472 +01:00 [INF] Zalogowany: True
2025-02-18 13:10:29.472 +01:00 [INF] Role: admin
2025-02-18 13:11:06.894 +01:00 [INF] ID: 
2025-02-18 13:11:06.919 +01:00 [INF] Zalogowany: False
2025-02-18 13:11:09.320 +01:00 [INF] ID: bfa1c231-4f53-45f3-8ca0-ab5f44d20856
2025-02-18 13:11:09.320 +01:00 [INF] Zalogowany: True
2025-02-18 13:11:09.320 +01:00 [INF] Role: admin
2025-02-18 13:13:52.617 +01:00 [INF] ID: 
2025-02-18 13:13:52.640 +01:00 [INF] Zalogowany: False
2025-02-18 13:13:55.014 +01:00 [INF] ID: bfa1c231-4f53-45f3-8ca0-ab5f44d20856
2025-02-18 13:13:55.014 +01:00 [INF] Zalogowany: True
2025-02-18 13:13:55.014 +01:00 [INF] Role: admin
2025-02-18 13:15:21.422 +01:00 [INF] ID: 
2025-02-18 13:15:21.446 +01:00 [INF] Zalogowany: False
2025-02-18 13:15:23.828 +01:00 [INF] ID: bfa1c231-4f53-45f3-8ca0-ab5f44d20856
2025-02-18 13:15:23.828 +01:00 [INF] Zalogowany: True
2025-02-18 13:15:23.828 +01:00 [INF] Role: admin
2025-02-18 13:16:14.232 +01:00 [INF] ID: 
2025-02-18 13:16:14.256 +01:00 [INF] Zalogowany: False
2025-02-18 13:16:16.631 +01:00 [INF] ID: bfa1c231-4f53-45f3-8ca0-ab5f44d20856
2025-02-18 13:16:16.631 +01:00 [INF] Zalogowany: True
2025-02-18 13:16:16.631 +01:00 [INF] Role: admin
2025-02-18 13:17:52.329 +01:00 [INF] ID: 
2025-02-18 13:17:52.353 +01:00 [INF] Zalogowany: False
2025-02-18 13:17:54.740 +01:00 [INF] ID: bfa1c231-4f53-45f3-8ca0-ab5f44d20856
2025-02-18 13:17:54.740 +01:00 [INF] Zalogowany: True
2025-02-18 13:17:54.740 +01:00 [INF] Role: admin
2025-02-18 13:18:13.019 +01:00 [INF] ID: bfa1c231-4f53-45f3-8ca0-ab5f44d20856
2025-02-18 13:18:13.019 +01:00 [INF] Zalogowany: True
2025-02-18 13:18:13.196 +01:00 [INF] ID: bfa1c231-4f53-45f3-8ca0-ab5f44d20856
2025-02-18 13:18:13.196 +01:00 [INF] Zalogowany: True
2025-02-18 13:18:13.196 +01:00 [INF] Role: admin
2025-02-18 13:19:06.990 +01:00 [INF] ID: 
2025-02-18 13:19:07.015 +01:00 [INF] Zalogowany: False
2025-02-18 13:19:09.421 +01:00 [INF] ID: bfa1c231-4f53-45f3-8ca0-ab5f44d20856
2025-02-18 13:19:09.421 +01:00 [INF] Zalogowany: True
2025-02-18 13:19:09.421 +01:00 [INF] Role: admin
2025-02-18 13:20:58.084 +01:00 [INF] ID: 
2025-02-18 13:20:58.110 +01:00 [INF] Zalogowany: False
2025-02-18 13:21:00.495 +01:00 [INF] ID: bfa1c231-4f53-45f3-8ca0-ab5f44d20856
2025-02-18 13:21:00.495 +01:00 [INF] Zalogowany: True
2025-02-18 13:21:00.495 +01:00 [INF] Role: admin
2025-02-18 13:21:24.368 +01:00 [INF] ID: bfa1c231-4f53-45f3-8ca0-ab5f44d20856
2025-02-18 13:21:24.368 +01:00 [INF] Zalogowany: True
2025-02-18 13:21:24.577 +01:00 [INF] ID: bfa1c231-4f53-45f3-8ca0-ab5f44d20856
2025-02-18 13:21:24.577 +01:00 [INF] Zalogowany: True
2025-02-18 13:21:24.577 +01:00 [INF] Role: admin
2025-02-18 13:42:46.502 +01:00 [INF] ID: 
2025-02-18 13:42:46.530 +01:00 [INF] Zalogowany: False
2025-02-18 13:42:48.943 +01:00 [INF] ID: bfa1c231-4f53-45f3-8ca0-ab5f44d20856
2025-02-18 13:42:48.943 +01:00 [INF] Zalogowany: True
2025-02-18 13:42:48.943 +01:00 [INF] Role: admin
2025-02-18 13:43:28.350 +01:00 [INF] ID: 
2025-02-18 13:43:28.378 +01:00 [INF] Zalogowany: False
2025-02-18 13:43:30.826 +01:00 [INF] ID: bfa1c231-4f53-45f3-8ca0-ab5f44d20856
2025-02-18 13:43:30.826 +01:00 [INF] Zalogowany: True
2025-02-18 13:43:30.826 +01:00 [INF] Role: admin
2025-02-18 13:44:26.263 +01:00 [INF] ID: 
2025-02-18 13:44:26.296 +01:00 [INF] Zalogowany: False
2025-02-18 13:44:28.706 +01:00 [INF] ID: bfa1c231-4f53-45f3-8ca0-ab5f44d20856
2025-02-18 13:44:28.706 +01:00 [INF] Zalogowany: True
2025-02-18 13:44:28.706 +01:00 [INF] Role: admin
2025-02-18 13:49:37.539 +01:00 [INF] ID: 
2025-02-18 13:49:37.574 +01:00 [INF] Zalogowany: False
2025-02-18 13:49:40.141 +01:00 [INF] ID: bfa1c231-4f53-45f3-8ca0-ab5f44d20856
2025-02-18 13:49:40.141 +01:00 [INF] Zalogowany: True
2025-02-18 13:49:40.141 +01:00 [INF] Role: admin
2025-02-18 13:51:14.170 +01:00 [INF] ID: 
2025-02-18 13:51:14.199 +01:00 [INF] Zalogowany: False
2025-02-18 13:51:16.579 +01:00 [INF] ID: bfa1c231-4f53-45f3-8ca0-ab5f44d20856
2025-02-18 13:51:16.579 +01:00 [INF] Zalogowany: True
2025-02-18 13:51:16.579 +01:00 [INF] Role: admin
2025-02-18 14:06:35.907 +01:00 [INF] ID: 
2025-02-18 14:06:35.935 +01:00 [INF] Zalogowany: False
2025-02-18 14:06:38.425 +01:00 [INF] ID: bfa1c231-4f53-45f3-8ca0-ab5f44d20856
2025-02-18 14:06:38.426 +01:00 [INF] Zalogowany: True
2025-02-18 14:06:38.426 +01:00 [INF] Role: admin
2025-02-18 14:07:34.857 +01:00 [INF] ID: 
2025-02-18 14:07:34.880 +01:00 [INF] Zalogowany: False
2025-02-18 14:07:37.251 +01:00 [INF] ID: bfa1c231-4f53-45f3-8ca0-ab5f44d20856
2025-02-18 14:07:37.251 +01:00 [INF] Zalogowany: True
2025-02-18 14:07:37.251 +01:00 [INF] Role: admin
2025-02-18 14:29:33.841 +01:00 [INF] ID: 
2025-02-18 14:29:33.866 +01:00 [INF] Zalogowany: False
2025-02-18 14:29:36.291 +01:00 [INF] ID: bfa1c231-4f53-45f3-8ca0-ab5f44d20856
2025-02-18 14:29:36.291 +01:00 [INF] Zalogowany: True
2025-02-18 14:29:36.291 +01:00 [INF] Role: admin
2025-02-18 15:13:19.973 +01:00 [INF] ID: 
2025-02-18 15:13:20.001 +01:00 [INF] Zalogowany: False
2025-02-18 15:13:22.579 +01:00 [INF] ID: bfa1c231-4f53-45f3-8ca0-ab5f44d20856
2025-02-18 15:13:22.579 +01:00 [INF] Zalogowany: True
2025-02-18 15:13:22.579 +01:00 [INF] Role: admin
2025-02-18 15:17:51.249 +01:00 [INF] ID: 
2025-02-18 15:17:51.269 +01:00 [INF] Zalogowany: False
2025-02-18 15:17:53.698 +01:00 [INF] ID: bfa1c231-4f53-45f3-8ca0-ab5f44d20856
2025-02-18 15:17:53.698 +01:00 [INF] Zalogowany: True
2025-02-18 15:17:53.698 +01:00 [INF] Role: admin
2025-02-18 15:24:45.789 +01:00 [INF] ID: 
2025-02-18 15:24:45.810 +01:00 [INF] Zalogowany: False
2025-02-18 15:24:48.233 +01:00 [INF] ID: bfa1c231-4f53-45f3-8ca0-ab5f44d20856
2025-02-18 15:24:48.233 +01:00 [INF] Zalogowany: True
2025-02-18 15:24:48.233 +01:00 [INF] Role: admin
2025-02-18 15:34:45.894 +01:00 [INF] ID: 
2025-02-18 15:34:45.923 +01:00 [INF] Zalogowany: False
2025-02-18 15:34:48.350 +01:00 [INF] ID: bfa1c231-4f53-45f3-8ca0-ab5f44d20856
2025-02-18 15:34:48.350 +01:00 [INF] Zalogowany: True
2025-02-18 15:34:48.350 +01:00 [INF] Role: admin
2025-02-18 15:35:23.409 +01:00 [INF] ID: 
2025-02-18 15:35:23.438 +01:00 [INF] Zalogowany: False
2025-02-18 15:35:25.767 +01:00 [INF] ID: bfa1c231-4f53-45f3-8ca0-ab5f44d20856
2025-02-18 15:35:25.767 +01:00 [INF] Zalogowany: True
2025-02-18 15:35:25.767 +01:00 [INF] Role: admin
2025-02-18 15:35:27.262 +01:00 [INF] ID: bfa1c231-4f53-45f3-8ca0-ab5f44d20856
2025-02-18 15:35:27.263 +01:00 [INF] Zalogowany: True
2025-02-18 15:35:27.461 +01:00 [INF] ID: bfa1c231-4f53-45f3-8ca0-ab5f44d20856
2025-02-18 15:35:27.461 +01:00 [INF] Zalogowany: True
2025-02-18 15:35:27.461 +01:00 [INF] Role: admin
2025-02-18 15:35:31.735 +01:00 [INF] ID: bfa1c231-4f53-45f3-8ca0-ab5f44d20856
2025-02-18 15:35:31.735 +01:00 [INF] Zalogowany: True
2025-02-18 15:35:31.906 +01:00 [INF] ID: bfa1c231-4f53-45f3-8ca0-ab5f44d20856
2025-02-18 15:35:31.906 +01:00 [INF] Zalogowany: True
2025-02-18 15:35:31.906 +01:00 [INF] Role: admin
2025-02-18 15:47:14.054 +01:00 [INF] ID: 
2025-02-18 15:47:14.081 +01:00 [INF] Zalogowany: False
2025-02-18 15:47:16.477 +01:00 [INF] ID: bfa1c231-4f53-45f3-8ca0-ab5f44d20856
2025-02-18 15:47:16.477 +01:00 [INF] Zalogowany: True
2025-02-18 15:47:16.477 +01:00 [INF] Role: admin
2025-02-18 15:47:18.005 +01:00 [INF] ID: bfa1c231-4f53-45f3-8ca0-ab5f44d20856
2025-02-18 15:47:18.006 +01:00 [INF] Zalogowany: True
2025-02-18 15:47:18.177 +01:00 [INF] ID: bfa1c231-4f53-45f3-8ca0-ab5f44d20856
2025-02-18 15:47:18.177 +01:00 [INF] Zalogowany: True
2025-02-18 15:47:18.177 +01:00 [INF] Role: admin
2025-02-18 16:14:27.524 +01:00 [INF] ID: 
2025-02-18 16:14:27.550 +01:00 [INF] Zalogowany: False
2025-02-18 16:14:29.967 +01:00 [INF] ID: bfa1c231-4f53-45f3-8ca0-ab5f44d20856
2025-02-18 16:14:29.967 +01:00 [INF] Zalogowany: True
2025-02-18 16:14:29.967 +01:00 [INF] Role: admin
2025-02-18 16:14:38.569 +01:00 [INF] ID: bfa1c231-4f53-45f3-8ca0-ab5f44d20856
2025-02-18 16:14:38.569 +01:00 [INF] Zalogowany: True
2025-02-18 16:14:38.763 +01:00 [INF] ID: bfa1c231-4f53-45f3-8ca0-ab5f44d20856
2025-02-18 16:14:38.763 +01:00 [INF] Zalogowany: True
2025-02-18 16:14:38.763 +01:00 [INF] Role: admin
2025-02-18 16:16:55.138 +01:00 [INF] ID: bfa1c231-4f53-45f3-8ca0-ab5f44d20856
2025-02-18 16:16:55.138 +01:00 [INF] Zalogowany: True
2025-02-18 16:16:57.438 +01:00 [INF] ID: bfa1c231-4f53-45f3-8ca0-ab5f44d20856
2025-02-18 16:16:57.438 +01:00 [INF] Zalogowany: True
2025-02-18 16:16:57.438 +01:00 [INF] Role: admin
2025-02-18 16:17:42.824 +01:00 [INF] ID: bfa1c231-4f53-45f3-8ca0-ab5f44d20856
2025-02-18 16:17:42.824 +01:00 [INF] Zalogowany: True
2025-02-18 16:17:42.996 +01:00 [INF] ID: bfa1c231-4f53-45f3-8ca0-ab5f44d20856
2025-02-18 16:17:42.996 +01:00 [INF] Zalogowany: True
2025-02-18 16:17:42.996 +01:00 [INF] Role: admin
2025-02-18 16:19:18.850 +01:00 [INF] ID: 
2025-02-18 16:19:18.878 +01:00 [INF] Zalogowany: False
2025-02-18 16:19:21.244 +01:00 [INF] ID: bfa1c231-4f53-45f3-8ca0-ab5f44d20856
2025-02-18 16:19:21.245 +01:00 [INF] Zalogowany: True
2025-02-18 16:19:21.245 +01:00 [INF] Role: admin
2025-02-18 16:21:22.887 +01:00 [INF] ID: 
2025-02-18 16:21:22.908 +01:00 [INF] Zalogowany: False
2025-02-18 16:21:25.287 +01:00 [INF] ID: bfa1c231-4f53-45f3-8ca0-ab5f44d20856
2025-02-18 16:21:25.287 +01:00 [INF] Zalogowany: True
2025-02-18 16:21:25.287 +01:00 [INF] Role: admin
2025-02-18 16:21:42.944 +01:00 [INF] ID: bfa1c231-4f53-45f3-8ca0-ab5f44d20856
2025-02-18 16:21:42.944 +01:00 [INF] Zalogowany: True
2025-02-18 16:21:43.131 +01:00 [INF] ID: bfa1c231-4f53-45f3-8ca0-ab5f44d20856
2025-02-18 16:21:43.131 +01:00 [INF] Zalogowany: True
2025-02-18 16:21:43.131 +01:00 [INF] Role: admin
