2025-03-04 10:17:33.228 +01:00 [INF] ID: 
2025-03-04 10:17:33.258 +01:00 [INF] Zalogowany: False
2025-03-04 10:17:33.483 +01:00 [INF] ID: f9b33065-c108-4c50-9fb5-89421a490437
2025-03-04 10:17:33.483 +01:00 [INF] Zalogowany: True
2025-03-04 10:17:33.483 +01:00 [INF] Role: admin
2025-03-04 10:28:35.645 +01:00 [INF] ID: 
2025-03-04 10:28:35.690 +01:00 [INF] Zalogowany: False
2025-03-04 10:28:35.908 +01:00 [INF] ID: f9b33065-c108-4c50-9fb5-89421a490437
2025-03-04 10:28:35.908 +01:00 [INF] Zalogowany: True
2025-03-04 10:28:35.908 +01:00 [INF] Role: admin
2025-03-04 10:51:04.706 +01:00 [INF] ID: 
2025-03-04 10:51:04.742 +01:00 [INF] Zalogowany: False
2025-03-04 10:51:04.793 +01:00 [ERR] Failed to log in.
2025-03-04 10:51:06.730 +01:00 [INF] ID: 
2025-03-04 10:51:06.730 +01:00 [INF] Zalogowany: False
2025-03-04 10:51:06.736 +01:00 [ERR] Failed to log in.
2025-03-04 10:56:39.185 +01:00 [INF] ID: 
2025-03-04 10:56:39.240 +01:00 [INF] Zalogowany: False
2025-03-04 10:56:39.320 +01:00 [ERR] Failed to log in.
2025-03-04 10:56:40.343 +01:00 [INF] ID: 
2025-03-04 10:56:40.343 +01:00 [INF] Zalogowany: False
2025-03-04 10:56:40.348 +01:00 [ERR] Failed to log in.
2025-03-04 10:56:40.957 +01:00 [INF] ID: 
2025-03-04 10:56:40.957 +01:00 [INF] Zalogowany: False
2025-03-04 10:56:40.961 +01:00 [ERR] Failed to log in.
2025-03-04 10:56:41.754 +01:00 [INF] ID: 
2025-03-04 10:56:41.755 +01:00 [INF] Zalogowany: False
2025-03-04 10:56:41.764 +01:00 [ERR] Failed to log in.
2025-03-04 12:22:23.541 +01:00 [INF] ID: 
2025-03-04 12:22:23.562 +01:00 [INF] Zalogowany: False
2025-03-04 12:22:23.598 +01:00 [ERR] Failed to log in.
2025-03-04 12:43:45.120 +01:00 [INF] ID: 
2025-03-04 12:43:45.145 +01:00 [INF] Zalogowany: False
2025-03-04 12:43:45.182 +01:00 [ERR] Failed to log in.
2025-03-04 12:43:46.624 +01:00 [INF] ID: 
2025-03-04 12:43:46.624 +01:00 [INF] Zalogowany: False
2025-03-04 12:43:46.629 +01:00 [ERR] Failed to log in.
2025-03-04 12:43:48.147 +01:00 [INF] ID: 
2025-03-04 12:43:48.147 +01:00 [INF] Zalogowany: False
2025-03-04 12:43:48.151 +01:00 [ERR] Failed to log in.
2025-03-04 12:46:27.282 +01:00 [INF] ID: 
2025-03-04 12:46:27.303 +01:00 [INF] Zalogowany: False
2025-03-04 12:46:27.336 +01:00 [ERR] Failed to log in.
2025-03-04 12:46:30.337 +01:00 [INF] ID: 
2025-03-04 12:46:30.337 +01:00 [INF] Zalogowany: False
2025-03-04 12:46:30.344 +01:00 [ERR] Failed to log in.
2025-03-04 12:46:31.451 +01:00 [INF] ID: 
2025-03-04 12:46:31.451 +01:00 [INF] Zalogowany: False
2025-03-04 12:46:31.455 +01:00 [ERR] Failed to log in.
2025-03-04 12:46:33.095 +01:00 [INF] ID: 
2025-03-04 12:46:33.095 +01:00 [INF] Zalogowany: False
2025-03-04 12:46:33.101 +01:00 [ERR] Failed to log in.
2025-03-04 12:48:55.887 +01:00 [INF] ID: 
2025-03-04 12:48:55.908 +01:00 [INF] Zalogowany: False
2025-03-04 12:48:55.942 +01:00 [ERR] Failed to log in.
2025-03-04 12:52:16.292 +01:00 [INF] ID: 
2025-03-04 12:52:16.321 +01:00 [INF] Zalogowany: False
2025-03-04 12:52:16.381 +01:00 [ERR] Failed to log in.
2025-03-04 12:53:26.604 +01:00 [INF] ID: 
2025-03-04 12:53:26.625 +01:00 [INF] Zalogowany: False
2025-03-04 12:53:26.659 +01:00 [ERR] Failed to log in.
2025-03-04 12:53:40.168 +01:00 [INF] ID: 
2025-03-04 12:53:40.234 +01:00 [INF] Zalogowany: False
2025-03-04 12:53:42.240 +01:00 [ERR] Failed to log in.
2025-03-04 12:54:39.726 +01:00 [INF] ID: 
2025-03-04 12:54:39.749 +01:00 [INF] Zalogowany: False
2025-03-04 12:54:39.786 +01:00 [ERR] Failed to log in.
2025-03-04 12:54:42.920 +01:00 [INF] ID: 
2025-03-04 12:54:42.920 +01:00 [INF] Zalogowany: False
2025-03-04 12:54:42.924 +01:00 [ERR] Failed to log in.
2025-03-04 12:54:49.659 +01:00 [INF] ID: 
2025-03-04 12:54:49.660 +01:00 [INF] Zalogowany: False
2025-03-04 12:54:49.839 +01:00 [INF] ID: f9b33065-c108-4c50-9fb5-89421a490437
2025-03-04 12:54:49.839 +01:00 [INF] Zalogowany: True
2025-03-04 12:54:49.839 +01:00 [INF] Role: admin
2025-03-04 12:56:28.383 +01:00 [INF] ID: 
2025-03-04 12:56:28.413 +01:00 [INF] Zalogowany: False
2025-03-04 12:56:28.593 +01:00 [INF] ID: f9b33065-c108-4c50-9fb5-89421a490437
2025-03-04 12:56:28.593 +01:00 [INF] Zalogowany: True
2025-03-04 12:56:28.593 +01:00 [INF] Role: admin
2025-03-04 12:58:08.779 +01:00 [INF] ID: 
2025-03-04 12:58:08.812 +01:00 [INF] Zalogowany: False
2025-03-04 12:58:09.053 +01:00 [INF] ID: f9b33065-c108-4c50-9fb5-89421a490437
2025-03-04 12:58:09.053 +01:00 [INF] Zalogowany: True
2025-03-04 12:58:09.053 +01:00 [INF] Role: admin
2025-03-04 13:11:56.548 +01:00 [INF] ID: 
2025-03-04 13:11:56.592 +01:00 [INF] Zalogowany: False
2025-03-04 13:11:56.871 +01:00 [INF] ID: f9b33065-c108-4c50-9fb5-89421a490437
2025-03-04 13:11:56.871 +01:00 [INF] Zalogowany: True
2025-03-04 13:11:56.871 +01:00 [INF] Role: admin
2025-03-04 13:13:48.124 +01:00 [INF] ID: 
2025-03-04 13:13:48.147 +01:00 [INF] Zalogowany: False
2025-03-04 13:13:48.314 +01:00 [INF] ID: f9b33065-c108-4c50-9fb5-89421a490437
2025-03-04 13:13:48.314 +01:00 [INF] Zalogowany: True
2025-03-04 13:13:48.314 +01:00 [INF] Role: admin
2025-03-04 13:14:37.699 +01:00 [INF] ID: 
2025-03-04 13:14:37.725 +01:00 [INF] Zalogowany: False
2025-03-04 13:14:37.894 +01:00 [INF] ID: f9b33065-c108-4c50-9fb5-89421a490437
2025-03-04 13:14:37.894 +01:00 [INF] Zalogowany: True
2025-03-04 13:14:37.894 +01:00 [INF] Role: admin
2025-03-04 13:51:06.896 +01:00 [INF] ID: 
2025-03-04 13:51:06.923 +01:00 [INF] Zalogowany: False
2025-03-04 13:51:07.101 +01:00 [INF] ID: f9b33065-c108-4c50-9fb5-89421a490437
2025-03-04 13:51:07.101 +01:00 [INF] Zalogowany: True
2025-03-04 13:51:07.102 +01:00 [INF] Role: admin
2025-03-04 13:51:42.558 +01:00 [INF] ID: 
2025-03-04 13:51:42.607 +01:00 [INF] Zalogowany: False
2025-03-04 13:51:42.866 +01:00 [INF] ID: f9b33065-c108-4c50-9fb5-89421a490437
2025-03-04 13:51:42.866 +01:00 [INF] Zalogowany: True
2025-03-04 13:51:42.866 +01:00 [INF] Role: admin
2025-03-04 13:56:55.924 +01:00 [INF] ID: 
2025-03-04 13:56:55.955 +01:00 [INF] Zalogowany: False
2025-03-04 13:56:56.147 +01:00 [INF] ID: f9b33065-c108-4c50-9fb5-89421a490437
2025-03-04 13:56:56.147 +01:00 [INF] Zalogowany: True
2025-03-04 13:56:56.147 +01:00 [INF] Role: admin
2025-03-04 14:03:45.262 +01:00 [INF] ID: 
2025-03-04 14:03:45.285 +01:00 [INF] Zalogowany: False
2025-03-04 14:03:45.466 +01:00 [INF] ID: f9b33065-c108-4c50-9fb5-89421a490437
2025-03-04 14:03:45.466 +01:00 [INF] Zalogowany: True
2025-03-04 14:03:45.467 +01:00 [INF] Role: admin
2025-03-04 14:06:10.199 +01:00 [INF] ID: 
2025-03-04 14:06:10.223 +01:00 [INF] Zalogowany: False
2025-03-04 14:06:10.401 +01:00 [INF] ID: f9b33065-c108-4c50-9fb5-89421a490437
2025-03-04 14:06:10.401 +01:00 [INF] Zalogowany: True
2025-03-04 14:06:10.401 +01:00 [INF] Role: admin
2025-03-04 14:10:21.718 +01:00 [INF] ID: 
2025-03-04 14:10:21.742 +01:00 [INF] Zalogowany: False
2025-03-04 14:10:21.921 +01:00 [INF] ID: f9b33065-c108-4c50-9fb5-89421a490437
2025-03-04 14:10:21.922 +01:00 [INF] Zalogowany: True
2025-03-04 14:10:21.922 +01:00 [INF] Role: admin
2025-03-04 14:13:10.947 +01:00 [INF] ID: 
2025-03-04 14:13:10.975 +01:00 [INF] Zalogowany: False
2025-03-04 14:13:11.158 +01:00 [INF] ID: f9b33065-c108-4c50-9fb5-89421a490437
2025-03-04 14:13:11.158 +01:00 [INF] Zalogowany: True
2025-03-04 14:13:11.158 +01:00 [INF] Role: admin
2025-03-04 14:14:23.372 +01:00 [INF] ID: 
2025-03-04 14:14:23.395 +01:00 [INF] Zalogowany: False
2025-03-04 14:14:23.562 +01:00 [INF] ID: f9b33065-c108-4c50-9fb5-89421a490437
2025-03-04 14:14:23.562 +01:00 [INF] Zalogowany: True
2025-03-04 14:14:23.562 +01:00 [INF] Role: admin
2025-03-04 14:15:36.949 +01:00 [INF] ID: 
2025-03-04 14:15:36.974 +01:00 [INF] Zalogowany: False
2025-03-04 14:15:37.146 +01:00 [INF] ID: f9b33065-c108-4c50-9fb5-89421a490437
2025-03-04 14:15:37.146 +01:00 [INF] Zalogowany: True
2025-03-04 14:15:37.146 +01:00 [INF] Role: admin
2025-03-04 14:15:57.074 +01:00 [INF] ID: 
2025-03-04 14:15:57.098 +01:00 [INF] Zalogowany: False
2025-03-04 14:15:57.253 +01:00 [INF] ID: f9b33065-c108-4c50-9fb5-89421a490437
2025-03-04 14:15:57.253 +01:00 [INF] Zalogowany: True
2025-03-04 14:15:57.253 +01:00 [INF] Role: admin
2025-03-04 14:35:34.546 +01:00 [INF] ID: 
2025-03-04 14:35:34.568 +01:00 [INF] Zalogowany: False
2025-03-04 14:35:34.734 +01:00 [INF] ID: f9b33065-c108-4c50-9fb5-89421a490437
2025-03-04 14:35:34.734 +01:00 [INF] Zalogowany: True
2025-03-04 14:35:34.734 +01:00 [INF] Role: admin
2025-03-04 14:36:36.612 +01:00 [INF] ID: 
2025-03-04 14:36:36.636 +01:00 [INF] Zalogowany: False
2025-03-04 14:36:36.831 +01:00 [INF] ID: f9b33065-c108-4c50-9fb5-89421a490437
2025-03-04 14:36:36.831 +01:00 [INF] Zalogowany: True
2025-03-04 14:36:36.831 +01:00 [INF] Role: admin
2025-03-04 14:38:17.031 +01:00 [INF] ID: 
2025-03-04 14:38:17.053 +01:00 [INF] Zalogowany: False
2025-03-04 14:38:17.219 +01:00 [INF] ID: f9b33065-c108-4c50-9fb5-89421a490437
2025-03-04 14:38:17.219 +01:00 [INF] Zalogowany: True
2025-03-04 14:38:17.219 +01:00 [INF] Role: admin
2025-03-04 14:39:06.957 +01:00 [INF] ID: 
2025-03-04 14:39:06.982 +01:00 [INF] Zalogowany: False
2025-03-04 14:39:07.190 +01:00 [INF] ID: f9b33065-c108-4c50-9fb5-89421a490437
2025-03-04 14:39:07.190 +01:00 [INF] Zalogowany: True
2025-03-04 14:39:07.190 +01:00 [INF] Role: admin
2025-03-04 14:39:41.220 +01:00 [INF] ID: 
2025-03-04 14:39:41.244 +01:00 [INF] Zalogowany: False
2025-03-04 14:39:41.462 +01:00 [INF] ID: f9b33065-c108-4c50-9fb5-89421a490437
2025-03-04 14:39:41.462 +01:00 [INF] Zalogowany: True
2025-03-04 14:39:41.462 +01:00 [INF] Role: admin
2025-03-04 14:40:11.688 +01:00 [INF] ID: 
2025-03-04 14:40:11.715 +01:00 [INF] Zalogowany: False
2025-03-04 14:40:11.893 +01:00 [INF] ID: f9b33065-c108-4c50-9fb5-89421a490437
2025-03-04 14:40:11.894 +01:00 [INF] Zalogowany: True
2025-03-04 14:40:11.894 +01:00 [INF] Role: admin
2025-03-04 14:40:30.548 +01:00 [INF] ID: 
2025-03-04 14:40:30.571 +01:00 [INF] Zalogowany: False
2025-03-04 14:40:30.778 +01:00 [INF] ID: f9b33065-c108-4c50-9fb5-89421a490437
2025-03-04 14:40:30.778 +01:00 [INF] Zalogowany: True
2025-03-04 14:40:30.778 +01:00 [INF] Role: admin
2025-03-04 14:42:10.647 +01:00 [INF] ID: 
2025-03-04 14:42:10.676 +01:00 [INF] Zalogowany: False
2025-03-04 14:42:10.873 +01:00 [INF] ID: f9b33065-c108-4c50-9fb5-89421a490437
2025-03-04 14:42:10.873 +01:00 [INF] Zalogowany: True
2025-03-04 14:42:10.873 +01:00 [INF] Role: admin
2025-03-04 14:43:09.149 +01:00 [INF] ID: 
2025-03-04 14:43:09.171 +01:00 [INF] Zalogowany: False
2025-03-04 14:43:09.338 +01:00 [INF] ID: f9b33065-c108-4c50-9fb5-89421a490437
2025-03-04 14:43:09.338 +01:00 [INF] Zalogowany: True
2025-03-04 14:43:09.338 +01:00 [INF] Role: admin
2025-03-04 14:44:48.473 +01:00 [INF] ID: 
2025-03-04 14:44:48.495 +01:00 [INF] Zalogowany: False
2025-03-04 14:44:48.679 +01:00 [INF] ID: f9b33065-c108-4c50-9fb5-89421a490437
2025-03-04 14:44:48.679 +01:00 [INF] Zalogowany: True
2025-03-04 14:44:48.679 +01:00 [INF] Role: admin
2025-03-04 14:47:31.044 +01:00 [INF] ID: 
2025-03-04 14:47:31.067 +01:00 [INF] Zalogowany: False
2025-03-04 14:47:31.242 +01:00 [INF] ID: f9b33065-c108-4c50-9fb5-89421a490437
2025-03-04 14:47:31.242 +01:00 [INF] Zalogowany: True
2025-03-04 14:47:31.242 +01:00 [INF] Role: admin
2025-03-04 14:47:56.512 +01:00 [INF] ID: 
2025-03-04 14:47:56.538 +01:00 [INF] Zalogowany: False
2025-03-04 14:47:56.702 +01:00 [INF] ID: f9b33065-c108-4c50-9fb5-89421a490437
2025-03-04 14:47:56.702 +01:00 [INF] Zalogowany: True
2025-03-04 14:47:56.702 +01:00 [INF] Role: admin
2025-03-04 14:48:24.631 +01:00 [INF] ID: 
2025-03-04 14:48:24.655 +01:00 [INF] Zalogowany: False
2025-03-04 14:48:24.832 +01:00 [INF] ID: f9b33065-c108-4c50-9fb5-89421a490437
2025-03-04 14:48:24.832 +01:00 [INF] Zalogowany: True
2025-03-04 14:48:24.832 +01:00 [INF] Role: admin
