2025-03-14 12:51:54.066 +01:00 [INF] ID: 
2025-03-14 12:51:54.089 +01:00 [INF] Zalogowany: False
2025-03-14 12:51:54.263 +01:00 [INF] ID: f9b33065-c108-4c50-9fb5-89421a490437
2025-03-14 12:51:54.263 +01:00 [INF] Zalogowany: True
2025-03-14 12:51:54.263 +01:00 [INF] Role: admin
2025-03-14 13:14:01.550 +01:00 [INF] ID: 
2025-03-14 13:14:01.575 +01:00 [INF] Zalogowany: False
2025-03-14 13:14:01.724 +01:00 [INF] ID: f9b33065-c108-4c50-9fb5-89421a490437
2025-03-14 13:14:01.724 +01:00 [INF] Zalogowany: True
2025-03-14 13:14:01.724 +01:00 [INF] Role: admin
2025-03-14 13:45:44.659 +01:00 [INF] ID: 
2025-03-14 13:45:44.681 +01:00 [INF] Zalogowany: False
2025-03-14 13:45:44.854 +01:00 [INF] ID: f9b33065-c108-4c50-9fb5-89421a490437
2025-03-14 13:45:44.854 +01:00 [INF] Zalogowany: True
2025-03-14 13:45:44.854 +01:00 [INF] Role: admin
2025-03-14 13:56:40.387 +01:00 [INF] ID: 
2025-03-14 13:56:40.410 +01:00 [INF] Zalogowany: False
2025-03-14 13:56:40.578 +01:00 [INF] ID: f9b33065-c108-4c50-9fb5-89421a490437
2025-03-14 13:56:40.578 +01:00 [INF] Zalogowany: True
2025-03-14 13:56:40.578 +01:00 [INF] Role: admin
2025-03-14 14:25:16.363 +01:00 [INF] ID: 
2025-03-14 14:25:16.384 +01:00 [INF] Zalogowany: False
2025-03-14 14:25:16.513 +01:00 [ERR] Failed to log in.
2025-03-14 14:25:23.645 +01:00 [INF] ID: 
2025-03-14 14:25:23.646 +01:00 [INF] Zalogowany: False
2025-03-14 14:25:23.843 +01:00 [INF] ID: f9b33065-c108-4c50-9fb5-89421a490437
2025-03-14 14:25:23.843 +01:00 [INF] Zalogowany: True
2025-03-14 14:25:23.843 +01:00 [INF] Role: admin
2025-03-14 14:26:02.958 +01:00 [INF] ID: 
2025-03-14 14:26:02.986 +01:00 [INF] Zalogowany: False
2025-03-14 14:26:03.197 +01:00 [INF] ID: f9b33065-c108-4c50-9fb5-89421a490437
2025-03-14 14:26:03.197 +01:00 [INF] Zalogowany: True
2025-03-14 14:26:03.197 +01:00 [INF] Role: admin
2025-03-14 14:28:15.607 +01:00 [INF] ID: 
2025-03-14 14:28:15.628 +01:00 [INF] Zalogowany: False
2025-03-14 14:28:15.806 +01:00 [INF] ID: f9b33065-c108-4c50-9fb5-89421a490437
2025-03-14 14:28:15.806 +01:00 [INF] Zalogowany: True
2025-03-14 14:28:15.806 +01:00 [INF] Role: admin
2025-03-14 14:29:01.577 +01:00 [INF] ID: 
2025-03-14 14:29:01.577 +01:00 [INF] Zalogowany: False
2025-03-14 14:29:01.692 +01:00 [INF] ID: f9b33065-c108-4c50-9fb5-89421a490437
2025-03-14 14:29:01.692 +01:00 [INF] Zalogowany: True
2025-03-14 14:29:01.692 +01:00 [INF] Role: admin
2025-03-14 14:29:11.541 +01:00 [INF] ID: 
2025-03-14 14:29:11.561 +01:00 [INF] Zalogowany: False
2025-03-14 14:29:11.721 +01:00 [INF] ID: f9b33065-c108-4c50-9fb5-89421a490437
2025-03-14 14:29:11.721 +01:00 [INF] Zalogowany: True
2025-03-14 14:29:11.721 +01:00 [INF] Role: admin
2025-03-14 14:32:12.036 +01:00 [INF] ID: 
2025-03-14 14:32:12.061 +01:00 [INF] Zalogowany: False
2025-03-14 14:32:12.228 +01:00 [INF] ID: f9b33065-c108-4c50-9fb5-89421a490437
2025-03-14 14:32:12.228 +01:00 [INF] Zalogowany: True
2025-03-14 14:32:12.228 +01:00 [INF] Role: admin
2025-03-14 14:33:05.865 +01:00 [INF] ID: 
2025-03-14 14:33:05.885 +01:00 [INF] Zalogowany: False
2025-03-14 14:33:06.053 +01:00 [INF] ID: f9b33065-c108-4c50-9fb5-89421a490437
2025-03-14 14:33:06.053 +01:00 [INF] Zalogowany: True
2025-03-14 14:33:06.053 +01:00 [INF] Role: admin
2025-03-14 14:33:39.751 +01:00 [INF] ID: 
2025-03-14 14:33:39.771 +01:00 [INF] Zalogowany: False
2025-03-14 14:33:39.935 +01:00 [INF] ID: f9b33065-c108-4c50-9fb5-89421a490437
2025-03-14 14:33:39.935 +01:00 [INF] Zalogowany: True
2025-03-14 14:33:39.935 +01:00 [INF] Role: admin
2025-03-14 14:34:09.354 +01:00 [INF] ID: 
2025-03-14 14:34:09.375 +01:00 [INF] Zalogowany: False
2025-03-14 14:34:09.548 +01:00 [INF] ID: f9b33065-c108-4c50-9fb5-89421a490437
2025-03-14 14:34:09.548 +01:00 [INF] Zalogowany: True
2025-03-14 14:34:09.548 +01:00 [INF] Role: admin
2025-03-14 14:34:58.594 +01:00 [INF] ID: 
2025-03-14 14:34:58.615 +01:00 [INF] Zalogowany: False
2025-03-14 14:34:58.825 +01:00 [INF] ID: f9b33065-c108-4c50-9fb5-89421a490437
2025-03-14 14:34:58.825 +01:00 [INF] Zalogowany: True
2025-03-14 14:34:58.825 +01:00 [INF] Role: admin
2025-03-14 14:35:39.828 +01:00 [INF] ID: 
2025-03-14 14:35:39.854 +01:00 [INF] Zalogowany: False
2025-03-14 14:35:40.035 +01:00 [INF] ID: f9b33065-c108-4c50-9fb5-89421a490437
2025-03-14 14:35:40.035 +01:00 [INF] Zalogowany: True
2025-03-14 14:35:40.035 +01:00 [INF] Role: admin
2025-03-14 14:37:23.798 +01:00 [INF] ID: 
2025-03-14 14:37:23.819 +01:00 [INF] Zalogowany: False
2025-03-14 14:37:24.005 +01:00 [INF] ID: f9b33065-c108-4c50-9fb5-89421a490437
2025-03-14 14:37:24.005 +01:00 [INF] Zalogowany: True
2025-03-14 14:37:24.005 +01:00 [INF] Role: admin
2025-03-14 14:38:54.120 +01:00 [INF] ID: 
2025-03-14 14:38:54.140 +01:00 [INF] Zalogowany: False
2025-03-14 14:38:54.316 +01:00 [INF] ID: f9b33065-c108-4c50-9fb5-89421a490437
2025-03-14 14:38:54.316 +01:00 [INF] Zalogowany: True
2025-03-14 14:38:54.316 +01:00 [INF] Role: admin
2025-03-14 14:41:15.225 +01:00 [INF] ID: 
2025-03-14 14:41:15.246 +01:00 [INF] Zalogowany: False
2025-03-14 14:41:15.408 +01:00 [INF] ID: f9b33065-c108-4c50-9fb5-89421a490437
2025-03-14 14:41:15.408 +01:00 [INF] Zalogowany: True
2025-03-14 14:41:15.408 +01:00 [INF] Role: admin
2025-03-14 14:42:18.809 +01:00 [INF] ID: 
2025-03-14 14:42:18.830 +01:00 [INF] Zalogowany: False
2025-03-14 14:42:18.994 +01:00 [INF] ID: f9b33065-c108-4c50-9fb5-89421a490437
2025-03-14 14:42:18.994 +01:00 [INF] Zalogowany: True
2025-03-14 14:42:18.994 +01:00 [INF] Role: admin
2025-03-14 14:44:02.367 +01:00 [INF] ID: 
2025-03-14 14:44:02.388 +01:00 [INF] Zalogowany: False
2025-03-14 14:44:02.557 +01:00 [INF] ID: f9b33065-c108-4c50-9fb5-89421a490437
2025-03-14 14:44:02.557 +01:00 [INF] Zalogowany: True
2025-03-14 14:44:02.557 +01:00 [INF] Role: admin
2025-03-14 14:44:28.485 +01:00 [INF] ID: 
2025-03-14 14:44:28.506 +01:00 [INF] Zalogowany: False
2025-03-14 14:44:28.665 +01:00 [INF] ID: f9b33065-c108-4c50-9fb5-89421a490437
2025-03-14 14:44:28.665 +01:00 [INF] Zalogowany: True
2025-03-14 14:44:28.665 +01:00 [INF] Role: admin
2025-03-14 14:45:36.077 +01:00 [INF] ID: 
2025-03-14 14:45:36.097 +01:00 [INF] Zalogowany: False
2025-03-14 14:45:36.256 +01:00 [INF] ID: f9b33065-c108-4c50-9fb5-89421a490437
2025-03-14 14:45:36.256 +01:00 [INF] Zalogowany: True
2025-03-14 14:45:36.256 +01:00 [INF] Role: admin
2025-03-14 15:21:39.073 +01:00 [INF] ID: 
2025-03-14 15:21:39.093 +01:00 [INF] Zalogowany: False
2025-03-14 15:21:39.254 +01:00 [INF] ID: f9b33065-c108-4c50-9fb5-89421a490437
2025-03-14 15:21:39.254 +01:00 [INF] Zalogowany: True
2025-03-14 15:21:39.254 +01:00 [INF] Role: admin
2025-03-14 15:24:49.438 +01:00 [INF] ID: 
2025-03-14 15:24:49.459 +01:00 [INF] Zalogowany: False
2025-03-14 15:24:49.627 +01:00 [INF] ID: f9b33065-c108-4c50-9fb5-89421a490437
2025-03-14 15:24:49.627 +01:00 [INF] Zalogowany: True
2025-03-14 15:24:49.627 +01:00 [INF] Role: admin
2025-03-14 15:25:16.255 +01:00 [INF] ID: 
2025-03-14 15:25:16.291 +01:00 [INF] Zalogowany: False
2025-03-14 15:25:16.508 +01:00 [INF] ID: f9b33065-c108-4c50-9fb5-89421a490437
2025-03-14 15:25:16.508 +01:00 [INF] Zalogowany: True
2025-03-14 15:25:16.508 +01:00 [INF] Role: admin
2025-03-14 15:27:16.555 +01:00 [INF] ID: 
2025-03-14 15:27:16.576 +01:00 [INF] Zalogowany: False
2025-03-14 15:27:16.737 +01:00 [INF] ID: f9b33065-c108-4c50-9fb5-89421a490437
2025-03-14 15:27:16.737 +01:00 [INF] Zalogowany: True
2025-03-14 15:27:16.737 +01:00 [INF] Role: admin
2025-03-14 15:31:26.678 +01:00 [INF] ID: 
2025-03-14 15:31:26.698 +01:00 [INF] Zalogowany: False
2025-03-14 15:31:26.861 +01:00 [INF] ID: f9b33065-c108-4c50-9fb5-89421a490437
2025-03-14 15:31:26.861 +01:00 [INF] Zalogowany: True
2025-03-14 15:31:26.861 +01:00 [INF] Role: admin
2025-03-14 15:36:18.072 +01:00 [INF] ID: 
2025-03-14 15:36:18.093 +01:00 [INF] Zalogowany: False
2025-03-14 15:36:18.251 +01:00 [INF] ID: f9b33065-c108-4c50-9fb5-89421a490437
2025-03-14 15:36:18.251 +01:00 [INF] Zalogowany: True
2025-03-14 15:36:18.251 +01:00 [INF] Role: admin
2025-03-14 15:40:47.522 +01:00 [INF] ID: 
2025-03-14 15:40:47.543 +01:00 [INF] Zalogowany: False
2025-03-14 15:40:47.724 +01:00 [INF] ID: f9b33065-c108-4c50-9fb5-89421a490437
2025-03-14 15:40:47.724 +01:00 [INF] Zalogowany: True
2025-03-14 15:40:47.724 +01:00 [INF] Role: admin
2025-03-14 15:41:07.896 +01:00 [INF] ID: 
2025-03-14 15:41:07.921 +01:00 [INF] Zalogowany: False
2025-03-14 15:41:08.082 +01:00 [INF] ID: f9b33065-c108-4c50-9fb5-89421a490437
2025-03-14 15:41:08.082 +01:00 [INF] Zalogowany: True
2025-03-14 15:41:08.082 +01:00 [INF] Role: admin
2025-03-14 15:48:42.694 +01:00 [INF] ID: 
2025-03-14 15:48:42.714 +01:00 [INF] Zalogowany: False
2025-03-14 15:48:42.875 +01:00 [INF] ID: f9b33065-c108-4c50-9fb5-89421a490437
2025-03-14 15:48:42.875 +01:00 [INF] Zalogowany: True
2025-03-14 15:48:42.875 +01:00 [INF] Role: admin
2025-03-14 15:58:41.445 +01:00 [INF] ID: 
2025-03-14 15:58:41.466 +01:00 [INF] Zalogowany: False
2025-03-14 15:58:41.651 +01:00 [INF] ID: f9b33065-c108-4c50-9fb5-89421a490437
2025-03-14 15:58:41.651 +01:00 [INF] Zalogowany: True
2025-03-14 15:58:41.651 +01:00 [INF] Role: admin
2025-03-14 15:59:30.716 +01:00 [INF] ID: 
2025-03-14 15:59:30.745 +01:00 [INF] Zalogowany: False
2025-03-14 15:59:30.915 +01:00 [INF] ID: f9b33065-c108-4c50-9fb5-89421a490437
2025-03-14 15:59:30.915 +01:00 [INF] Zalogowany: True
2025-03-14 15:59:30.915 +01:00 [INF] Role: admin
2025-03-14 15:59:59.721 +01:00 [INF] ID: 
2025-03-14 15:59:59.743 +01:00 [INF] Zalogowany: False
2025-03-14 15:59:59.909 +01:00 [INF] ID: f9b33065-c108-4c50-9fb5-89421a490437
2025-03-14 15:59:59.909 +01:00 [INF] Zalogowany: True
2025-03-14 15:59:59.909 +01:00 [INF] Role: admin
2025-03-14 16:01:59.510 +01:00 [INF] ID: 
2025-03-14 16:01:59.530 +01:00 [INF] Zalogowany: False
2025-03-14 16:01:59.706 +01:00 [INF] ID: f9b33065-c108-4c50-9fb5-89421a490437
2025-03-14 16:01:59.706 +01:00 [INF] Zalogowany: True
2025-03-14 16:01:59.706 +01:00 [INF] Role: admin
2025-03-14 16:02:49.591 +01:00 [INF] ID: 
2025-03-14 16:02:49.612 +01:00 [INF] Zalogowany: False
2025-03-14 16:02:49.777 +01:00 [INF] ID: f9b33065-c108-4c50-9fb5-89421a490437
2025-03-14 16:02:49.777 +01:00 [INF] Zalogowany: True
2025-03-14 16:02:49.777 +01:00 [INF] Role: admin
2025-03-14 16:02:58.497 +01:00 [INF] ID: f9b33065-c108-4c50-9fb5-89421a490437
2025-03-14 16:02:58.497 +01:00 [INF] Zalogowany: True
2025-03-14 16:02:58.593 +01:00 [INF] ID: f9b33065-c108-4c50-9fb5-89421a490437
2025-03-14 16:02:58.593 +01:00 [INF] Zalogowany: True
2025-03-14 16:02:58.593 +01:00 [INF] Role: admin
