2025-02-25 07:42:45.926 +01:00 [INF] ID: 
2025-02-25 07:42:45.955 +01:00 [INF] Zalogowany: False
2025-02-25 07:42:48.380 +01:00 [INF] ID: f9b33065-c108-4c50-9fb5-89421a490437
2025-02-25 07:42:48.380 +01:00 [INF] Zalogowany: True
2025-02-25 07:42:48.380 +01:00 [INF] Role: admin
2025-02-25 08:10:04.899 +01:00 [INF] ID: 
2025-02-25 08:10:04.928 +01:00 [INF] Zalogowany: False
2025-02-25 08:10:07.313 +01:00 [INF] ID: f9b33065-c108-4c50-9fb5-89421a490437
2025-02-25 08:10:07.313 +01:00 [INF] Zalogowany: True
2025-02-25 08:10:07.313 +01:00 [INF] Role: admin
2025-02-25 08:10:51.151 +01:00 [INF] ID: 
2025-02-25 08:10:51.174 +01:00 [INF] Zalogowany: False
2025-02-25 08:10:53.530 +01:00 [INF] ID: f9b33065-c108-4c50-9fb5-89421a490437
2025-02-25 08:10:53.530 +01:00 [INF] Zalogowany: True
2025-02-25 08:10:53.530 +01:00 [INF] Role: admin
2025-02-25 08:13:38.335 +01:00 [INF] ID: 
2025-02-25 08:13:38.357 +01:00 [INF] Zalogowany: False
2025-02-25 08:13:40.758 +01:00 [INF] ID: f9b33065-c108-4c50-9fb5-89421a490437
2025-02-25 08:13:40.758 +01:00 [INF] Zalogowany: True
2025-02-25 08:13:40.758 +01:00 [INF] Role: admin
2025-02-25 08:14:28.109 +01:00 [INF] ID: 
2025-02-25 08:14:28.134 +01:00 [INF] Zalogowany: False
2025-02-25 08:14:30.496 +01:00 [INF] ID: f9b33065-c108-4c50-9fb5-89421a490437
2025-02-25 08:14:30.496 +01:00 [INF] Zalogowany: True
2025-02-25 08:14:30.496 +01:00 [INF] Role: admin
2025-02-25 08:15:58.630 +01:00 [INF] ID: 
2025-02-25 08:15:58.656 +01:00 [INF] Zalogowany: False
2025-02-25 08:16:01.008 +01:00 [INF] ID: f9b33065-c108-4c50-9fb5-89421a490437
2025-02-25 08:16:01.008 +01:00 [INF] Zalogowany: True
2025-02-25 08:16:01.008 +01:00 [INF] Role: admin
2025-02-25 08:27:39.194 +01:00 [INF] ID: 
2025-02-25 08:27:39.224 +01:00 [INF] Zalogowany: False
2025-02-25 08:27:41.719 +01:00 [INF] ID: f9b33065-c108-4c50-9fb5-89421a490437
2025-02-25 08:27:41.719 +01:00 [INF] Zalogowany: True
2025-02-25 08:27:41.719 +01:00 [INF] Role: admin
2025-02-25 08:29:58.898 +01:00 [INF] ID: 
2025-02-25 08:29:58.930 +01:00 [INF] Zalogowany: False
2025-02-25 08:30:01.313 +01:00 [INF] ID: f9b33065-c108-4c50-9fb5-89421a490437
2025-02-25 08:30:01.313 +01:00 [INF] Zalogowany: True
2025-02-25 08:30:01.313 +01:00 [INF] Role: admin
2025-02-25 08:30:20.350 +01:00 [INF] ID: 
2025-02-25 08:30:20.380 +01:00 [INF] Zalogowany: False
2025-02-25 08:30:22.752 +01:00 [INF] ID: f9b33065-c108-4c50-9fb5-89421a490437
2025-02-25 08:30:22.753 +01:00 [INF] Zalogowany: True
2025-02-25 08:30:22.753 +01:00 [INF] Role: admin
2025-02-25 08:39:38.222 +01:00 [INF] ID: 
2025-02-25 08:39:38.249 +01:00 [INF] Zalogowany: False
2025-02-25 08:39:40.667 +01:00 [INF] ID: f9b33065-c108-4c50-9fb5-89421a490437
2025-02-25 08:39:40.667 +01:00 [INF] Zalogowany: True
2025-02-25 08:39:40.667 +01:00 [INF] Role: admin
2025-02-25 08:41:52.909 +01:00 [INF] ID: 
2025-02-25 08:41:52.935 +01:00 [INF] Zalogowany: False
2025-02-25 08:41:55.327 +01:00 [INF] ID: f9b33065-c108-4c50-9fb5-89421a490437
2025-02-25 08:41:55.327 +01:00 [INF] Zalogowany: True
2025-02-25 08:41:55.327 +01:00 [INF] Role: admin
2025-02-25 09:06:17.422 +01:00 [INF] ID: 
2025-02-25 09:06:17.447 +01:00 [INF] Zalogowany: False
2025-02-25 09:06:19.972 +01:00 [INF] ID: f9b33065-c108-4c50-9fb5-89421a490437
2025-02-25 09:06:19.972 +01:00 [INF] Zalogowany: True
2025-02-25 09:06:19.972 +01:00 [INF] Role: admin
2025-02-25 09:09:58.307 +01:00 [INF] ID: 
2025-02-25 09:09:58.335 +01:00 [INF] Zalogowany: False
2025-02-25 09:10:03.007 +01:00 [INF] ID: f9b33065-c108-4c50-9fb5-89421a490437
2025-02-25 09:10:03.007 +01:00 [INF] Zalogowany: True
2025-02-25 09:10:03.007 +01:00 [INF] Role: admin
2025-02-25 09:32:41.613 +01:00 [INF] ID: 
2025-02-25 09:32:41.636 +01:00 [INF] Zalogowany: False
2025-02-25 09:32:44.104 +01:00 [INF] ID: f9b33065-c108-4c50-9fb5-89421a490437
2025-02-25 09:32:44.104 +01:00 [INF] Zalogowany: True
2025-02-25 09:32:44.104 +01:00 [INF] Role: admin
2025-02-25 09:33:45.428 +01:00 [INF] ID: 
2025-02-25 09:33:45.451 +01:00 [INF] Zalogowany: False
2025-02-25 09:33:47.848 +01:00 [INF] ID: f9b33065-c108-4c50-9fb5-89421a490437
2025-02-25 09:33:47.848 +01:00 [INF] Zalogowany: True
2025-02-25 09:33:47.848 +01:00 [INF] Role: admin
