2025-02-22 21:00:39.974 +01:00 [INF] ID: 
2025-02-22 21:00:40.004 +01:00 [INF] Zalogowany: False
2025-02-22 21:00:40.608 +01:00 [INF] ID: f9b33065-c108-4c50-9fb5-89421a490437
2025-02-22 21:00:40.608 +01:00 [INF] Zalogowany: True
2025-02-22 21:00:40.608 +01:00 [INF] Role: admin
2025-02-22 21:01:40.569 +01:00 [INF] ID: 
2025-02-22 21:01:40.595 +01:00 [INF] Zalogowany: False
2025-02-22 21:01:40.881 +01:00 [INF] ID: f9b33065-c108-4c50-9fb5-89421a490437
2025-02-22 21:01:40.881 +01:00 [INF] Zalogowany: True
2025-02-22 21:01:40.881 +01:00 [INF] Role: admin
2025-02-22 21:02:00.548 +01:00 [INF] ID: 
2025-02-22 21:02:00.577 +01:00 [INF] Zalogowany: False
2025-02-22 21:02:00.896 +01:00 [INF] ID: f9b33065-c108-4c50-9fb5-89421a490437
2025-02-22 21:02:00.896 +01:00 [INF] Zalogowany: True
2025-02-22 21:02:00.896 +01:00 [INF] Role: admin
2025-02-22 21:02:37.530 +01:00 [INF] ID: 
2025-02-22 21:02:37.559 +01:00 [INF] Zalogowany: False
2025-02-22 21:02:37.981 +01:00 [INF] ID: f9b33065-c108-4c50-9fb5-89421a490437
2025-02-22 21:02:37.981 +01:00 [INF] Zalogowany: True
2025-02-22 21:02:37.981 +01:00 [INF] Role: admin
2025-02-22 21:03:57.275 +01:00 [INF] ID: 
2025-02-22 21:03:57.301 +01:00 [INF] Zalogowany: False
2025-02-22 21:03:57.585 +01:00 [INF] ID: f9b33065-c108-4c50-9fb5-89421a490437
2025-02-22 21:03:57.585 +01:00 [INF] Zalogowany: True
2025-02-22 21:03:57.585 +01:00 [INF] Role: admin
2025-02-22 21:11:04.814 +01:00 [INF] ID: 
2025-02-22 21:11:04.841 +01:00 [INF] Zalogowany: False
2025-02-22 21:11:05.158 +01:00 [INF] ID: f9b33065-c108-4c50-9fb5-89421a490437
2025-02-22 21:11:05.158 +01:00 [INF] Zalogowany: True
2025-02-22 21:11:05.158 +01:00 [INF] Role: admin
2025-02-22 21:12:01.252 +01:00 [INF] ID: 
2025-02-22 21:12:01.284 +01:00 [INF] Zalogowany: False
2025-02-22 21:12:01.638 +01:00 [INF] ID: f9b33065-c108-4c50-9fb5-89421a490437
2025-02-22 21:12:01.638 +01:00 [INF] Zalogowany: True
2025-02-22 21:12:01.638 +01:00 [INF] Role: admin
2025-02-22 21:14:46.821 +01:00 [INF] ID: 
2025-02-22 21:14:46.851 +01:00 [INF] Zalogowany: False
2025-02-22 21:14:47.137 +01:00 [INF] ID: f9b33065-c108-4c50-9fb5-89421a490437
2025-02-22 21:14:47.137 +01:00 [INF] Zalogowany: True
2025-02-22 21:14:47.137 +01:00 [INF] Role: admin
2025-02-22 21:17:27.023 +01:00 [INF] ID: 
2025-02-22 21:17:27.057 +01:00 [INF] Zalogowany: False
2025-02-22 21:17:27.416 +01:00 [INF] ID: f9b33065-c108-4c50-9fb5-89421a490437
2025-02-22 21:17:27.416 +01:00 [INF] Zalogowany: True
2025-02-22 21:17:27.416 +01:00 [INF] Role: admin
2025-02-22 21:20:26.705 +01:00 [INF] ID: 
2025-02-22 21:20:26.731 +01:00 [INF] Zalogowany: False
2025-02-22 21:20:27.064 +01:00 [INF] ID: f9b33065-c108-4c50-9fb5-89421a490437
2025-02-22 21:20:27.064 +01:00 [INF] Zalogowany: True
2025-02-22 21:20:27.064 +01:00 [INF] Role: admin
2025-02-22 21:22:12.627 +01:00 [INF] ID: 
2025-02-22 21:22:12.654 +01:00 [INF] Zalogowany: False
2025-02-22 21:22:12.973 +01:00 [INF] ID: f9b33065-c108-4c50-9fb5-89421a490437
2025-02-22 21:22:12.973 +01:00 [INF] Zalogowany: True
2025-02-22 21:22:12.973 +01:00 [INF] Role: admin
2025-02-22 21:26:20.336 +01:00 [INF] ID: 
2025-02-22 21:26:20.369 +01:00 [INF] Zalogowany: False
2025-02-22 21:26:20.889 +01:00 [INF] ID: f9b33065-c108-4c50-9fb5-89421a490437
2025-02-22 21:26:20.889 +01:00 [INF] Zalogowany: True
2025-02-22 21:26:20.889 +01:00 [INF] Role: admin
2025-02-22 21:40:14.244 +01:00 [INF] ID: 
2025-02-22 21:40:14.273 +01:00 [INF] Zalogowany: False
2025-02-22 21:40:14.587 +01:00 [INF] ID: f9b33065-c108-4c50-9fb5-89421a490437
2025-02-22 21:40:14.587 +01:00 [INF] Zalogowany: True
2025-02-22 21:40:14.587 +01:00 [INF] Role: admin
2025-02-22 21:40:44.973 +01:00 [INF] ID: 
2025-02-22 21:40:45.006 +01:00 [INF] Zalogowany: False
2025-02-22 21:40:45.325 +01:00 [INF] ID: f9b33065-c108-4c50-9fb5-89421a490437
2025-02-22 21:40:45.325 +01:00 [INF] Zalogowany: True
2025-02-22 21:40:45.325 +01:00 [INF] Role: admin
2025-02-22 21:44:41.877 +01:00 [INF] ID: 
2025-02-22 21:44:41.905 +01:00 [INF] Zalogowany: False
2025-02-22 21:44:42.245 +01:00 [INF] ID: f9b33065-c108-4c50-9fb5-89421a490437
2025-02-22 21:44:42.245 +01:00 [INF] Zalogowany: True
2025-02-22 21:44:42.245 +01:00 [INF] Role: admin
2025-02-22 21:48:29.751 +01:00 [INF] ID: 
2025-02-22 21:48:29.778 +01:00 [INF] Zalogowany: False
2025-02-22 21:48:30.131 +01:00 [INF] ID: f9b33065-c108-4c50-9fb5-89421a490437
2025-02-22 21:48:30.132 +01:00 [INF] Zalogowany: True
2025-02-22 21:48:30.132 +01:00 [INF] Role: admin
