2025-02-23 10:40:23.363 +01:00 [INF] ID: 
2025-02-23 10:40:23.397 +01:00 [INF] Zalogowany: False
2025-02-23 10:40:23.786 +01:00 [INF] ID: f9b33065-c108-4c50-9fb5-89421a490437
2025-02-23 10:40:23.786 +01:00 [INF] Zalogowany: True
2025-02-23 10:40:23.787 +01:00 [INF] Role: admin
2025-02-23 10:41:52.537 +01:00 [INF] ID: 
2025-02-23 10:41:52.563 +01:00 [INF] Zalogowany: False
2025-02-23 10:41:52.884 +01:00 [INF] ID: f9b33065-c108-4c50-9fb5-89421a490437
2025-02-23 10:41:52.884 +01:00 [INF] Zalogowany: True
2025-02-23 10:41:52.884 +01:00 [INF] Role: admin
2025-02-23 10:50:58.651 +01:00 [INF] ID: 
2025-02-23 10:50:58.677 +01:00 [INF] Zalogowany: False
2025-02-23 10:50:59.005 +01:00 [INF] ID: f9b33065-c108-4c50-9fb5-89421a490437
2025-02-23 10:50:59.006 +01:00 [INF] Zalogowany: True
2025-02-23 10:50:59.006 +01:00 [INF] Role: admin
2025-02-23 10:52:59.152 +01:00 [INF] ID: 
2025-02-23 10:52:59.184 +01:00 [INF] Zalogowany: False
2025-02-23 10:52:59.586 +01:00 [INF] ID: f9b33065-c108-4c50-9fb5-89421a490437
2025-02-23 10:52:59.586 +01:00 [INF] Zalogowany: True
2025-02-23 10:52:59.586 +01:00 [INF] Role: admin
2025-02-23 10:54:31.707 +01:00 [INF] ID: 
2025-02-23 10:54:31.732 +01:00 [INF] Zalogowany: False
2025-02-23 10:54:32.041 +01:00 [INF] ID: f9b33065-c108-4c50-9fb5-89421a490437
2025-02-23 10:54:32.041 +01:00 [INF] Zalogowany: True
2025-02-23 10:54:32.041 +01:00 [INF] Role: admin
2025-02-23 10:58:55.835 +01:00 [INF] ID: 
2025-02-23 10:58:55.835 +01:00 [INF] Zalogowany: False
2025-02-23 10:58:56.016 +01:00 [INF] ID: f9b33065-c108-4c50-9fb5-89421a490437
2025-02-23 10:58:56.016 +01:00 [INF] Zalogowany: True
2025-02-23 10:58:56.016 +01:00 [INF] Role: admin
2025-02-23 11:00:29.033 +01:00 [INF] ID: 
2025-02-23 11:00:29.060 +01:00 [INF] Zalogowany: False
2025-02-23 11:00:29.374 +01:00 [INF] ID: f9b33065-c108-4c50-9fb5-89421a490437
2025-02-23 11:00:29.374 +01:00 [INF] Zalogowany: True
2025-02-23 11:00:29.375 +01:00 [INF] Role: admin
2025-02-23 11:00:53.143 +01:00 [INF] ID: 
2025-02-23 11:00:53.170 +01:00 [INF] Zalogowany: False
2025-02-23 11:00:53.454 +01:00 [INF] ID: f9b33065-c108-4c50-9fb5-89421a490437
2025-02-23 11:00:53.454 +01:00 [INF] Zalogowany: True
2025-02-23 11:00:53.454 +01:00 [INF] Role: admin
