2025-03-06 07:40:29.744 +01:00 [INF] ID: 
2025-03-06 07:40:29.769 +01:00 [INF] Zalogowany: False
2025-03-06 07:40:29.965 +01:00 [INF] ID: f9b33065-c108-4c50-9fb5-89421a490437
2025-03-06 07:40:29.965 +01:00 [INF] Zalogowany: True
2025-03-06 07:40:29.965 +01:00 [INF] Role: admin
2025-03-06 08:11:34.241 +01:00 [INF] ID: 
2025-03-06 08:11:34.268 +01:00 [INF] Zalogowany: False
2025-03-06 08:11:34.418 +01:00 [INF] ID: f9b33065-c108-4c50-9fb5-89421a490437
2025-03-06 08:11:34.418 +01:00 [INF] Zalogowany: True
2025-03-06 08:11:34.418 +01:00 [INF] Role: admin
2025-03-06 08:27:52.170 +01:00 [INF] ID: 
2025-03-06 08:27:52.193 +01:00 [INF] Zalogowany: False
2025-03-06 08:27:52.344 +01:00 [INF] ID: f9b33065-c108-4c50-9fb5-89421a490437
2025-03-06 08:27:52.344 +01:00 [INF] Zalogowany: True
2025-03-06 08:27:52.344 +01:00 [INF] Role: admin
2025-03-06 08:28:24.479 +01:00 [INF] ID: 
2025-03-06 08:28:24.500 +01:00 [INF] Zalogowany: False
2025-03-06 08:28:24.651 +01:00 [INF] ID: f9b33065-c108-4c50-9fb5-89421a490437
2025-03-06 08:28:24.651 +01:00 [INF] Zalogowany: True
2025-03-06 08:28:24.651 +01:00 [INF] Role: admin
2025-03-06 09:34:41.144 +01:00 [INF] ID: 
2025-03-06 09:34:41.166 +01:00 [INF] Zalogowany: False
2025-03-06 09:34:41.320 +01:00 [INF] ID: f9b33065-c108-4c50-9fb5-89421a490437
2025-03-06 09:34:41.320 +01:00 [INF] Zalogowany: True
2025-03-06 09:34:41.320 +01:00 [INF] Role: admin
2025-03-06 09:35:00.213 +01:00 [INF] ID: 
2025-03-06 09:35:00.234 +01:00 [INF] Zalogowany: False
2025-03-06 09:35:00.383 +01:00 [INF] ID: f9b33065-c108-4c50-9fb5-89421a490437
2025-03-06 09:35:00.383 +01:00 [INF] Zalogowany: True
2025-03-06 09:35:00.383 +01:00 [INF] Role: admin
