2025-02-24 07:33:13.486 +01:00 [INF] ID: 
2025-02-24 07:33:13.512 +01:00 [INF] Zalogowany: False
2025-02-24 07:33:16.136 +01:00 [INF] ID: f9b33065-c108-4c50-9fb5-89421a490437
2025-02-24 07:33:16.136 +01:00 [INF] Zalogowany: True
2025-02-24 07:33:16.136 +01:00 [INF] Role: admin
2025-02-24 07:36:11.588 +01:00 [INF] ID: 
2025-02-24 07:36:11.613 +01:00 [INF] Zalogowany: False
2025-02-24 07:36:14.003 +01:00 [INF] ID: f9b33065-c108-4c50-9fb5-89421a490437
2025-02-24 07:36:14.003 +01:00 [INF] Zalogowany: True
2025-02-24 07:36:14.003 +01:00 [INF] Role: admin
2025-02-24 07:39:20.581 +01:00 [INF] ID: 
2025-02-24 07:39:20.601 +01:00 [INF] Zalogowany: False
2025-02-24 07:39:22.924 +01:00 [INF] ID: f9b33065-c108-4c50-9fb5-89421a490437
2025-02-24 07:39:22.924 +01:00 [INF] Zalogowany: True
2025-02-24 07:39:22.924 +01:00 [INF] Role: admin
2025-02-24 07:41:45.665 +01:00 [INF] ID: 
2025-02-24 07:41:45.687 +01:00 [INF] Zalogowany: False
2025-02-24 07:41:48.000 +01:00 [INF] ID: f9b33065-c108-4c50-9fb5-89421a490437
2025-02-24 07:41:48.000 +01:00 [INF] Zalogowany: True
2025-02-24 07:41:48.000 +01:00 [INF] Role: admin
