2025-02-21 10:15:27.341 +01:00 [INF] ID: 
2025-02-21 10:15:27.368 +01:00 [INF] Zalogowany: False
2025-02-21 10:15:29.728 +01:00 [ERR] Failed to log in.
2025-02-21 10:16:11.908 +01:00 [INF] ID: 
2025-02-21 10:16:11.909 +01:00 [INF] Zalogowany: False
2025-02-21 10:16:14.729 +01:00 [ERR] Failed to log in.
2025-02-21 10:16:30.801 +01:00 [INF] ID: 
2025-02-21 10:16:30.801 +01:00 [INF] Zalogowany: False
2025-02-21 10:16:46.680 +01:00 [ERR] Failed to log in.
2025-02-21 10:16:51.888 +01:00 [INF] ID: 
2025-02-21 10:16:51.888 +01:00 [INF] Zalogowany: False
2025-02-21 10:17:00.820 +01:00 [INF] ID: bfa1c231-4f53-45f3-8ca0-ab5f44d20856
2025-02-21 10:17:00.820 +01:00 [INF] Zalogowany: True
2025-02-21 10:17:00.821 +01:00 [INF] Role: admin
2025-02-21 10:17:38.340 +01:00 [INF] ID: 
2025-02-21 10:17:38.368 +01:00 [INF] Zalogowany: False
2025-02-21 10:17:47.694 +01:00 [INF] ID: bfa1c231-4f53-45f3-8ca0-ab5f44d20856
2025-02-21 10:17:47.694 +01:00 [INF] Zalogowany: True
2025-02-21 10:17:47.694 +01:00 [INF] Role: admin
2025-02-21 10:17:55.207 +01:00 [INF] ID: 
2025-02-21 10:17:55.207 +01:00 [INF] Zalogowany: False
2025-02-21 10:18:52.904 +01:00 [INF] ID: 
2025-02-21 10:18:52.930 +01:00 [INF] Zalogowany: False
2025-02-21 10:19:03.957 +01:00 [ERR] Failed to log in.
2025-02-21 10:19:22.177 +01:00 [INF] ID: 
2025-02-21 10:19:22.207 +01:00 [INF] Zalogowany: False
2025-02-21 10:19:38.643 +01:00 [INF] ID: 
2025-02-21 10:19:38.643 +01:00 [INF] Zalogowany: False
2025-02-21 10:20:16.968 +01:00 [ERR] Failed to log in.
2025-02-21 10:20:19.837 +01:00 [INF] ID: 
2025-02-21 10:20:19.837 +01:00 [INF] Zalogowany: False
2025-02-21 10:20:55.225 +01:00 [INF] ID: 
2025-02-21 10:20:55.225 +01:00 [INF] Zalogowany: False
2025-02-21 10:21:00.189 +01:00 [INF] ID: 9500206a-77ef-4419-80b1-c055906f8e1c
2025-02-21 10:21:00.189 +01:00 [INF] Zalogowany: True
2025-02-21 10:21:00.189 +01:00 [INF] Role: mecalux
2025-02-21 10:21:22.469 +01:00 [INF] ID: 
2025-02-21 10:21:22.494 +01:00 [INF] Zalogowany: False
2025-02-21 10:21:25.821 +01:00 [INF] ID: b5135a0b-d28e-4111-a616-f725ebbb2254
2025-02-21 10:21:25.821 +01:00 [INF] Zalogowany: True
2025-02-21 10:21:25.821 +01:00 [INF] Role: sk
2025-02-21 10:21:40.994 +01:00 [INF] ID: 
2025-02-21 10:21:41.018 +01:00 [INF] Zalogowany: False
2025-02-21 10:21:44.438 +01:00 [INF] ID: b5135a0b-d28e-4111-a616-f725ebbb2254
2025-02-21 10:21:44.438 +01:00 [INF] Zalogowany: True
2025-02-21 10:21:44.438 +01:00 [INF] Role: sk
2025-02-21 10:23:03.659 +01:00 [INF] ID: 
2025-02-21 10:23:03.682 +01:00 [INF] Zalogowany: False
2025-02-21 10:23:06.830 +01:00 [INF] ID: b5135a0b-d28e-4111-a616-f725ebbb2254
2025-02-21 10:23:21.353 +01:00 [INF] Zalogowany: True
2025-02-21 10:23:26.677 +01:00 [INF] Role: sk
2025-02-21 10:24:39.252 +01:00 [INF] ID: 
2025-02-21 10:24:39.278 +01:00 [INF] Zalogowany: False
2025-02-21 10:25:10.613 +01:00 [INF] ID: b5135a0b-d28e-4111-a616-f725ebbb2254
2025-02-21 10:25:13.327 +01:00 [INF] Zalogowany: True
2025-02-21 10:25:13.327 +01:00 [INF] Role: sk
2025-02-21 10:25:46.877 +01:00 [INF] ID: 
2025-02-21 10:25:46.900 +01:00 [INF] Zalogowany: False
2025-02-21 10:25:50.071 +01:00 [INF] ID: b5135a0b-d28e-4111-a616-f725ebbb2254
2025-02-21 10:25:52.626 +01:00 [INF] Zalogowany: True
2025-02-21 10:25:52.626 +01:00 [INF] Role: sk
2025-02-21 10:27:13.294 +01:00 [INF] ID: 
2025-02-21 10:27:13.317 +01:00 [INF] Zalogowany: False
2025-02-21 10:27:16.400 +01:00 [INF] ID: b5135a0b-d28e-4111-a616-f725ebbb2254
2025-02-21 10:27:16.400 +01:00 [INF] Zalogowany: True
2025-02-21 10:27:16.400 +01:00 [INF] Role: sk
2025-02-21 10:27:46.054 +01:00 [INF] ID: 
2025-02-21 10:27:46.083 +01:00 [INF] Zalogowany: False
2025-02-21 10:27:49.204 +01:00 [INF] ID: b5135a0b-d28e-4111-a616-f725ebbb2254
2025-02-21 10:27:49.204 +01:00 [INF] Zalogowany: True
2025-02-21 10:27:49.204 +01:00 [INF] Role: sk
2025-02-21 10:29:06.143 +01:00 [INF] ID: 
2025-02-21 10:29:06.170 +01:00 [INF] Zalogowany: False
2025-02-21 10:29:09.378 +01:00 [INF] ID: b5135a0b-d28e-4111-a616-f725ebbb2254
2025-02-21 10:29:09.378 +01:00 [INF] Zalogowany: True
2025-02-21 10:29:09.378 +01:00 [INF] Role: sk
2025-02-21 10:29:16.170 +01:00 [INF] ID: 
2025-02-21 10:29:16.170 +01:00 [INF] Zalogowany: False
2025-02-21 10:29:17.152 +01:00 [INF] ID: 9500206a-77ef-4419-80b1-c055906f8e1c
2025-02-21 10:29:17.152 +01:00 [INF] Zalogowany: True
2025-02-21 10:29:17.152 +01:00 [INF] Role: mecalux
2025-02-21 10:29:46.663 +01:00 [INF] ID: 
2025-02-21 10:29:46.684 +01:00 [INF] Zalogowany: False
2025-02-21 10:29:49.825 +01:00 [INF] ID: 9500206a-77ef-4419-80b1-c055906f8e1c
2025-02-21 10:29:49.825 +01:00 [INF] Zalogowany: True
2025-02-21 10:29:49.825 +01:00 [INF] Role: mecalux
2025-02-21 10:29:55.290 +01:00 [INF] ID: 
2025-02-21 10:29:55.290 +01:00 [INF] Zalogowany: False
2025-02-21 10:29:56.237 +01:00 [INF] ID: b5135a0b-d28e-4111-a616-f725ebbb2254
2025-02-21 10:29:56.237 +01:00 [INF] Zalogowany: True
2025-02-21 10:29:56.237 +01:00 [INF] Role: sk
2025-02-21 10:30:00.733 +01:00 [INF] ID: 
2025-02-21 10:30:00.733 +01:00 [INF] Zalogowany: False
2025-02-21 10:30:01.704 +01:00 [INF] ID: bfa1c231-4f53-45f3-8ca0-ab5f44d20856
2025-02-21 10:30:01.704 +01:00 [INF] Zalogowany: True
2025-02-21 10:30:01.704 +01:00 [INF] Role: admin
2025-02-21 10:30:53.099 +01:00 [INF] ID: 
2025-02-21 10:30:53.127 +01:00 [INF] Zalogowany: False
2025-02-21 10:30:56.266 +01:00 [INF] ID: bfa1c231-4f53-45f3-8ca0-ab5f44d20856
2025-02-21 10:30:56.266 +01:00 [INF] Zalogowany: True
2025-02-21 10:30:56.266 +01:00 [INF] Role: admin
2025-02-21 10:31:00.774 +01:00 [INF] ID: 
2025-02-21 10:31:00.774 +01:00 [INF] Zalogowany: False
2025-02-21 10:31:01.726 +01:00 [INF] ID: b5135a0b-d28e-4111-a616-f725ebbb2254
2025-02-21 10:31:01.726 +01:00 [INF] Zalogowany: True
2025-02-21 10:31:01.726 +01:00 [INF] Role: sk
2025-02-21 10:31:06.480 +01:00 [INF] ID: 
2025-02-21 10:31:06.480 +01:00 [INF] Zalogowany: False
2025-02-21 10:31:07.677 +01:00 [INF] ID: 9500206a-77ef-4419-80b1-c055906f8e1c
2025-02-21 10:31:07.677 +01:00 [INF] Zalogowany: True
2025-02-21 10:31:07.677 +01:00 [INF] Role: mecalux
2025-02-21 11:11:29.372 +01:00 [INF] ID: 
2025-02-21 11:11:29.402 +01:00 [INF] Zalogowany: False
2025-02-21 11:11:32.514 +01:00 [INF] ID: bfa1c231-4f53-45f3-8ca0-ab5f44d20856
2025-02-21 11:11:32.514 +01:00 [INF] Zalogowany: True
2025-02-21 11:11:32.514 +01:00 [INF] Role: admin
2025-02-21 11:15:42.056 +01:00 [INF] ID: 
2025-02-21 11:15:42.083 +01:00 [INF] Zalogowany: False
2025-02-21 11:15:45.548 +01:00 [INF] ID: bfa1c231-4f53-45f3-8ca0-ab5f44d20856
2025-02-21 11:15:45.548 +01:00 [INF] Zalogowany: True
2025-02-21 11:15:45.548 +01:00 [INF] Role: admin
2025-02-21 11:17:47.872 +01:00 [INF] ID: 
2025-02-21 11:17:47.893 +01:00 [INF] Zalogowany: False
2025-02-21 11:17:51.047 +01:00 [INF] ID: bfa1c231-4f53-45f3-8ca0-ab5f44d20856
2025-02-21 11:17:51.047 +01:00 [INF] Zalogowany: True
2025-02-21 11:17:51.047 +01:00 [INF] Role: admin
2025-02-21 11:18:19.599 +01:00 [INF] ID: 
2025-02-21 11:18:19.625 +01:00 [INF] Zalogowany: False
2025-02-21 11:18:22.773 +01:00 [INF] ID: bfa1c231-4f53-45f3-8ca0-ab5f44d20856
2025-02-21 11:18:22.773 +01:00 [INF] Zalogowany: True
2025-02-21 11:18:22.773 +01:00 [INF] Role: admin
2025-02-21 11:23:59.250 +01:00 [INF] ID: 
2025-02-21 11:23:59.272 +01:00 [INF] Zalogowany: False
2025-02-21 11:24:02.505 +01:00 [INF] ID: bfa1c231-4f53-45f3-8ca0-ab5f44d20856
2025-02-21 11:24:02.505 +01:00 [INF] Zalogowany: True
2025-02-21 11:24:02.505 +01:00 [INF] Role: admin
2025-02-21 11:39:41.454 +01:00 [INF] ID: 
2025-02-21 11:39:41.476 +01:00 [INF] Zalogowany: False
2025-02-21 11:39:44.870 +01:00 [INF] ID: f9b33065-c108-4c50-9fb5-89421a490437
2025-02-21 11:39:44.870 +01:00 [INF] Zalogowany: True
2025-02-21 11:39:44.870 +01:00 [INF] Role: User
2025-02-21 11:42:24.646 +01:00 [INF] ID: 
2025-02-21 11:42:24.676 +01:00 [INF] Zalogowany: False
2025-02-21 11:42:28.042 +01:00 [INF] ID: f9b33065-c108-4c50-9fb5-89421a490437
2025-02-21 11:42:28.042 +01:00 [INF] Zalogowany: True
2025-02-21 11:42:28.042 +01:00 [INF] Role: admin
2025-02-21 11:43:54.097 +01:00 [INF] ID: 
2025-02-21 11:43:54.120 +01:00 [INF] Zalogowany: False
2025-02-21 11:43:57.210 +01:00 [INF] ID: f9b33065-c108-4c50-9fb5-89421a490437
2025-02-21 11:43:57.210 +01:00 [INF] Zalogowany: True
2025-02-21 11:43:57.210 +01:00 [INF] Role: admin
2025-02-21 11:45:14.946 +01:00 [INF] ID: 
2025-02-21 11:45:14.969 +01:00 [INF] Zalogowany: False
2025-02-21 11:45:18.053 +01:00 [INF] ID: f9b33065-c108-4c50-9fb5-89421a490437
2025-02-21 11:45:18.053 +01:00 [INF] Zalogowany: True
2025-02-21 11:45:18.053 +01:00 [INF] Role: admin
2025-02-21 11:46:13.177 +01:00 [INF] ID: 
2025-02-21 11:46:13.199 +01:00 [INF] Zalogowany: False
2025-02-21 11:46:16.804 +01:00 [INF] ID: f9b33065-c108-4c50-9fb5-89421a490437
2025-02-21 11:46:16.804 +01:00 [INF] Zalogowany: True
2025-02-21 11:46:16.804 +01:00 [INF] Role: admin
2025-02-21 11:47:55.130 +01:00 [INF] ID: 
2025-02-21 11:47:55.156 +01:00 [INF] Zalogowany: False
2025-02-21 11:47:58.326 +01:00 [INF] ID: f9b33065-c108-4c50-9fb5-89421a490437
2025-02-21 11:47:58.327 +01:00 [INF] Zalogowany: True
2025-02-21 11:47:58.327 +01:00 [INF] Role: admin
2025-02-21 11:49:44.499 +01:00 [INF] ID: 
2025-02-21 11:49:44.529 +01:00 [INF] Zalogowany: False
2025-02-21 11:49:47.650 +01:00 [INF] ID: f9b33065-c108-4c50-9fb5-89421a490437
2025-02-21 11:49:47.650 +01:00 [INF] Zalogowany: True
2025-02-21 11:49:47.650 +01:00 [INF] Role: admin
2025-02-21 11:53:53.248 +01:00 [INF] ID: 
2025-02-21 11:53:53.275 +01:00 [INF] Zalogowany: False
2025-02-21 11:53:56.423 +01:00 [INF] ID: f9b33065-c108-4c50-9fb5-89421a490437
2025-02-21 11:53:56.424 +01:00 [INF] Zalogowany: True
2025-02-21 11:53:56.424 +01:00 [INF] Role: admin
2025-02-21 11:55:28.354 +01:00 [INF] ID: 
2025-02-21 11:55:28.389 +01:00 [INF] Zalogowany: False
2025-02-21 11:55:31.499 +01:00 [INF] ID: f9b33065-c108-4c50-9fb5-89421a490437
2025-02-21 11:55:31.499 +01:00 [INF] Zalogowany: True
2025-02-21 11:55:31.500 +01:00 [INF] Role: admin
2025-02-21 11:57:09.642 +01:00 [INF] ID: 
2025-02-21 11:57:09.668 +01:00 [INF] Zalogowany: False
2025-02-21 11:57:13.048 +01:00 [INF] ID: f9b33065-c108-4c50-9fb5-89421a490437
2025-02-21 11:57:13.048 +01:00 [INF] Zalogowany: True
2025-02-21 11:57:13.048 +01:00 [INF] Role: admin
2025-02-21 11:57:51.485 +01:00 [INF] ID: 
2025-02-21 11:57:51.508 +01:00 [INF] Zalogowany: False
2025-02-21 11:57:54.577 +01:00 [INF] ID: f9b33065-c108-4c50-9fb5-89421a490437
2025-02-21 11:57:54.577 +01:00 [INF] Zalogowany: True
2025-02-21 11:57:54.577 +01:00 [INF] Role: admin
2025-02-21 11:59:11.579 +01:00 [INF] ID: 
2025-02-21 11:59:11.607 +01:00 [INF] Zalogowany: False
2025-02-21 11:59:14.876 +01:00 [INF] ID: f9b33065-c108-4c50-9fb5-89421a490437
2025-02-21 11:59:14.877 +01:00 [INF] Zalogowany: True
2025-02-21 11:59:14.877 +01:00 [INF] Role: admin
2025-02-21 12:13:20.944 +01:00 [INF] ID: 
2025-02-21 12:13:20.969 +01:00 [INF] Zalogowany: False
2025-02-21 12:13:24.234 +01:00 [INF] ID: f9b33065-c108-4c50-9fb5-89421a490437
2025-02-21 12:13:24.234 +01:00 [INF] Zalogowany: True
2025-02-21 12:13:24.234 +01:00 [INF] Role: admin
2025-02-21 12:14:45.851 +01:00 [INF] ID: 
2025-02-21 12:14:45.875 +01:00 [INF] Zalogowany: False
2025-02-21 12:14:49.179 +01:00 [INF] ID: f9b33065-c108-4c50-9fb5-89421a490437
2025-02-21 12:14:49.179 +01:00 [INF] Zalogowany: True
2025-02-21 12:14:49.179 +01:00 [INF] Role: admin
2025-02-21 12:16:27.905 +01:00 [INF] ID: 
2025-02-21 12:16:27.930 +01:00 [INF] Zalogowany: False
2025-02-21 12:16:31.039 +01:00 [INF] ID: f9b33065-c108-4c50-9fb5-89421a490437
2025-02-21 12:16:31.039 +01:00 [INF] Zalogowany: True
2025-02-21 12:16:31.039 +01:00 [INF] Role: admin
2025-02-21 12:17:28.962 +01:00 [INF] ID: 
2025-02-21 12:17:28.987 +01:00 [INF] Zalogowany: False
2025-02-21 12:17:32.173 +01:00 [INF] ID: f9b33065-c108-4c50-9fb5-89421a490437
2025-02-21 12:17:32.173 +01:00 [INF] Zalogowany: True
2025-02-21 12:17:32.173 +01:00 [INF] Role: admin
2025-02-21 12:20:09.981 +01:00 [INF] ID: 
2025-02-21 12:20:10.005 +01:00 [INF] Zalogowany: False
2025-02-21 12:20:38.119 +01:00 [INF] ID: 
2025-02-21 12:20:38.144 +01:00 [INF] Zalogowany: False
2025-02-21 12:21:45.472 +01:00 [INF] ID: 
2025-02-21 12:21:45.495 +01:00 [INF] Zalogowany: False
2025-02-21 12:22:35.875 +01:00 [INF] ID: 
2025-02-21 12:22:35.900 +01:00 [INF] Zalogowany: False
2025-02-21 12:22:38.408 +01:00 [INF] ID: f9b33065-c108-4c50-9fb5-89421a490437
2025-02-21 12:22:38.408 +01:00 [INF] Zalogowany: True
2025-02-21 12:22:38.408 +01:00 [INF] Role: admin
2025-02-21 12:23:28.367 +01:00 [INF] ID: 
2025-02-21 12:23:28.390 +01:00 [INF] Zalogowany: False
2025-02-21 12:23:30.776 +01:00 [INF] ID: f9b33065-c108-4c50-9fb5-89421a490437
2025-02-21 12:23:30.776 +01:00 [INF] Zalogowany: True
2025-02-21 12:23:30.776 +01:00 [INF] Role: admin
2025-02-21 12:29:35.570 +01:00 [INF] ID: 
2025-02-21 12:29:35.600 +01:00 [INF] Zalogowany: False
2025-02-21 12:29:38.047 +01:00 [INF] ID: f9b33065-c108-4c50-9fb5-89421a490437
2025-02-21 12:29:38.047 +01:00 [INF] Zalogowany: True
2025-02-21 12:29:38.047 +01:00 [INF] Role: admin
2025-02-21 13:05:36.559 +01:00 [INF] ID: 
2025-02-21 13:05:36.584 +01:00 [INF] Zalogowany: False
2025-02-21 13:05:39.418 +01:00 [INF] ID: f9b33065-c108-4c50-9fb5-89421a490437
2025-02-21 13:05:39.418 +01:00 [INF] Zalogowany: True
2025-02-21 13:05:39.418 +01:00 [INF] Role: admin
2025-02-21 13:08:15.382 +01:00 [INF] ID: 
2025-02-21 13:08:15.407 +01:00 [INF] Zalogowany: False
2025-02-21 13:08:17.883 +01:00 [INF] ID: f9b33065-c108-4c50-9fb5-89421a490437
2025-02-21 13:08:17.883 +01:00 [INF] Zalogowany: True
2025-02-21 13:08:17.883 +01:00 [INF] Role: admin
2025-02-21 13:09:22.737 +01:00 [INF] ID: 
2025-02-21 13:09:22.764 +01:00 [INF] Zalogowany: False
2025-02-21 13:09:25.195 +01:00 [INF] ID: f9b33065-c108-4c50-9fb5-89421a490437
2025-02-21 13:09:25.195 +01:00 [INF] Zalogowany: True
2025-02-21 13:09:25.195 +01:00 [INF] Role: admin
2025-02-21 13:10:43.009 +01:00 [INF] ID: 
2025-02-21 13:10:43.034 +01:00 [INF] Zalogowany: False
2025-02-21 13:10:45.449 +01:00 [INF] ID: f9b33065-c108-4c50-9fb5-89421a490437
2025-02-21 13:10:45.449 +01:00 [INF] Zalogowany: True
2025-02-21 13:10:45.449 +01:00 [INF] Role: admin
2025-02-21 13:11:39.813 +01:00 [INF] ID: 
2025-02-21 13:11:39.837 +01:00 [INF] Zalogowany: False
2025-02-21 13:11:42.278 +01:00 [INF] ID: f9b33065-c108-4c50-9fb5-89421a490437
2025-02-21 13:11:42.278 +01:00 [INF] Zalogowany: True
2025-02-21 13:11:42.278 +01:00 [INF] Role: admin
2025-02-21 13:13:36.199 +01:00 [INF] ID: 
2025-02-21 13:13:36.220 +01:00 [INF] Zalogowany: False
2025-02-21 13:13:38.628 +01:00 [INF] ID: f9b33065-c108-4c50-9fb5-89421a490437
2025-02-21 13:13:38.629 +01:00 [INF] Zalogowany: True
2025-02-21 13:13:38.629 +01:00 [INF] Role: admin
2025-02-21 13:16:26.483 +01:00 [INF] ID: 
2025-02-21 13:16:26.510 +01:00 [INF] Zalogowany: False
2025-02-21 13:16:28.886 +01:00 [INF] ID: f9b33065-c108-4c50-9fb5-89421a490437
2025-02-21 13:16:28.886 +01:00 [INF] Zalogowany: True
2025-02-21 13:16:28.886 +01:00 [INF] Role: admin
2025-02-21 13:18:06.791 +01:00 [INF] ID: 
2025-02-21 13:18:06.817 +01:00 [INF] Zalogowany: False
2025-02-21 13:18:09.185 +01:00 [INF] ID: f9b33065-c108-4c50-9fb5-89421a490437
2025-02-21 13:18:09.185 +01:00 [INF] Zalogowany: True
2025-02-21 13:18:09.185 +01:00 [INF] Role: admin
2025-02-21 13:18:35.230 +01:00 [INF] ID: 
2025-02-21 13:18:35.256 +01:00 [INF] Zalogowany: False
2025-02-21 13:18:37.628 +01:00 [INF] ID: f9b33065-c108-4c50-9fb5-89421a490437
2025-02-21 13:18:37.628 +01:00 [INF] Zalogowany: True
2025-02-21 13:18:37.628 +01:00 [INF] Role: admin
2025-02-21 13:18:52.276 +01:00 [INF] ID: 
2025-02-21 13:18:52.300 +01:00 [INF] Zalogowany: False
2025-02-21 13:18:54.700 +01:00 [INF] ID: f9b33065-c108-4c50-9fb5-89421a490437
2025-02-21 13:18:54.700 +01:00 [INF] Zalogowany: True
2025-02-21 13:18:54.700 +01:00 [INF] Role: admin
2025-02-21 13:19:52.305 +01:00 [INF] ID: 
2025-02-21 13:19:52.328 +01:00 [INF] Zalogowany: False
2025-02-21 13:19:54.698 +01:00 [INF] ID: f9b33065-c108-4c50-9fb5-89421a490437
2025-02-21 13:19:54.698 +01:00 [INF] Zalogowany: True
2025-02-21 13:19:54.698 +01:00 [INF] Role: admin
2025-02-21 13:20:31.806 +01:00 [INF] ID: 
2025-02-21 13:20:31.836 +01:00 [INF] Zalogowany: False
2025-02-21 13:20:34.243 +01:00 [INF] ID: f9b33065-c108-4c50-9fb5-89421a490437
2025-02-21 13:20:34.243 +01:00 [INF] Zalogowany: True
2025-02-21 13:20:34.243 +01:00 [INF] Role: admin
2025-02-21 13:20:45.785 +01:00 [INF] ID: 
2025-02-21 13:20:45.785 +01:00 [INF] Zalogowany: False
2025-02-21 13:20:45.963 +01:00 [INF] ID: e650848b-0d73-4626-b0f3-c47954716693
2025-02-21 13:20:45.963 +01:00 [INF] Zalogowany: True
2025-02-21 13:20:45.963 +01:00 [INF] Role: sk
2025-02-21 13:21:10.984 +01:00 [INF] ID: 
2025-02-21 13:21:10.984 +01:00 [INF] Zalogowany: False
2025-02-21 13:21:11.170 +01:00 [INF] ID: f9b33065-c108-4c50-9fb5-89421a490437
2025-02-21 13:21:11.170 +01:00 [INF] Zalogowany: True
2025-02-21 13:21:11.170 +01:00 [INF] Role: admin
2025-02-21 13:21:40.092 +01:00 [INF] ID: 
2025-02-21 13:21:40.092 +01:00 [INF] Zalogowany: False
2025-02-21 13:21:40.270 +01:00 [INF] ID: e650848b-0d73-4626-b0f3-c47954716693
2025-02-21 13:21:40.270 +01:00 [INF] Zalogowany: True
2025-02-21 13:21:40.270 +01:00 [INF] Role: sk
2025-02-21 13:22:12.576 +01:00 [INF] ID: 
2025-02-21 13:22:12.577 +01:00 [INF] Zalogowany: False
2025-02-21 13:22:12.745 +01:00 [INF] ID: d13379f8-8843-4b9b-8aa0-f300860cc604
2025-02-21 13:22:12.745 +01:00 [INF] Zalogowany: True
2025-02-21 13:22:12.745 +01:00 [INF] Role: mecalux
2025-02-21 13:23:42.180 +01:00 [INF] ID: 
2025-02-21 13:23:42.180 +01:00 [INF] Zalogowany: False
2025-02-21 13:23:44.416 +01:00 [INF] ID: 3070a5a2-44bb-4d93-bfdb-0e2fceacd508
2025-02-21 13:23:44.416 +01:00 [INF] Zalogowany: True
2025-02-21 13:23:44.416 +01:00 [INF] Role: sk
2025-02-21 13:24:20.529 +01:00 [INF] ID: 
2025-02-21 13:24:20.529 +01:00 [INF] Zalogowany: False
2025-02-21 13:24:20.715 +01:00 [INF] ID: d13379f8-8843-4b9b-8aa0-f300860cc604
2025-02-21 13:24:20.715 +01:00 [INF] Zalogowany: True
2025-02-21 13:24:20.715 +01:00 [INF] Role: mecalux
2025-02-21 13:24:41.674 +01:00 [INF] ID: 
2025-02-21 13:24:41.674 +01:00 [INF] Zalogowany: False
2025-02-21 13:24:41.854 +01:00 [INF] ID: 3070a5a2-44bb-4d93-bfdb-0e2fceacd508
2025-02-21 13:24:41.854 +01:00 [INF] Zalogowany: True
2025-02-21 13:24:41.854 +01:00 [INF] Role: sk
2025-02-21 14:17:28.293 +01:00 [INF] ID: 
2025-02-21 14:17:28.321 +01:00 [INF] Zalogowany: False
2025-02-21 14:17:30.750 +01:00 [INF] ID: f9b33065-c108-4c50-9fb5-89421a490437
2025-02-21 14:17:30.750 +01:00 [INF] Zalogowany: True
2025-02-21 14:17:30.750 +01:00 [INF] Role: admin
2025-02-21 14:20:21.880 +01:00 [INF] ID: 
2025-02-21 14:20:21.901 +01:00 [INF] Zalogowany: False
2025-02-21 14:20:24.291 +01:00 [INF] ID: f9b33065-c108-4c50-9fb5-89421a490437
2025-02-21 14:20:24.291 +01:00 [INF] Zalogowany: True
2025-02-21 14:20:24.291 +01:00 [INF] Role: admin
2025-02-21 14:32:11.287 +01:00 [INF] ID: 
2025-02-21 14:32:11.318 +01:00 [INF] Zalogowany: False
2025-02-21 14:32:14.445 +01:00 [INF] ID: f9b33065-c108-4c50-9fb5-89421a490437
2025-02-21 14:32:14.446 +01:00 [INF] Zalogowany: True
2025-02-21 14:32:14.446 +01:00 [INF] Role: admin
2025-02-21 14:33:49.391 +01:00 [INF] ID: 
2025-02-21 14:33:49.420 +01:00 [INF] Zalogowany: False
2025-02-21 14:33:51.799 +01:00 [INF] ID: f9b33065-c108-4c50-9fb5-89421a490437
2025-02-21 14:33:51.799 +01:00 [INF] Zalogowany: True
2025-02-21 14:33:51.799 +01:00 [INF] Role: admin
2025-02-21 14:34:34.962 +01:00 [INF] ID: 
2025-02-21 14:34:34.985 +01:00 [INF] Zalogowany: False
2025-02-21 14:34:37.365 +01:00 [INF] ID: f9b33065-c108-4c50-9fb5-89421a490437
2025-02-21 14:34:37.365 +01:00 [INF] Zalogowany: True
2025-02-21 14:34:37.365 +01:00 [INF] Role: admin
2025-02-21 14:35:47.326 +01:00 [INF] ID: 
2025-02-21 14:35:47.354 +01:00 [INF] Zalogowany: False
2025-02-21 14:35:49.754 +01:00 [INF] ID: f9b33065-c108-4c50-9fb5-89421a490437
2025-02-21 14:35:49.754 +01:00 [INF] Zalogowany: True
2025-02-21 14:35:49.754 +01:00 [INF] Role: admin
2025-02-21 14:38:53.527 +01:00 [INF] ID: 
2025-02-21 14:38:53.553 +01:00 [INF] Zalogowany: False
2025-02-21 14:38:55.960 +01:00 [INF] ID: f9b33065-c108-4c50-9fb5-89421a490437
2025-02-21 14:38:55.960 +01:00 [INF] Zalogowany: True
2025-02-21 14:38:55.960 +01:00 [INF] Role: admin
2025-02-21 14:39:37.545 +01:00 [INF] ID: 
2025-02-21 14:39:37.576 +01:00 [INF] Zalogowany: False
2025-02-21 14:39:40.409 +01:00 [INF] ID: f9b33065-c108-4c50-9fb5-89421a490437
2025-02-21 14:39:40.409 +01:00 [INF] Zalogowany: True
2025-02-21 14:39:40.409 +01:00 [INF] Role: admin
2025-02-21 14:40:11.624 +01:00 [INF] ID: 
2025-02-21 14:40:11.653 +01:00 [INF] Zalogowany: False
2025-02-21 14:40:14.059 +01:00 [INF] ID: f9b33065-c108-4c50-9fb5-89421a490437
2025-02-21 14:40:14.059 +01:00 [INF] Zalogowany: True
2025-02-21 14:40:14.059 +01:00 [INF] Role: admin
2025-02-21 14:40:35.535 +01:00 [INF] ID: 
2025-02-21 14:40:35.562 +01:00 [INF] Zalogowany: False
2025-02-21 14:40:37.959 +01:00 [INF] ID: f9b33065-c108-4c50-9fb5-89421a490437
2025-02-21 14:40:37.959 +01:00 [INF] Zalogowany: True
2025-02-21 14:40:37.959 +01:00 [INF] Role: admin
2025-02-21 14:42:08.564 +01:00 [INF] ID: 
2025-02-21 14:42:08.592 +01:00 [INF] Zalogowany: False
2025-02-21 14:42:10.999 +01:00 [INF] ID: f9b33065-c108-4c50-9fb5-89421a490437
2025-02-21 14:42:10.999 +01:00 [INF] Zalogowany: True
2025-02-21 14:42:10.999 +01:00 [INF] Role: admin
2025-02-21 14:43:45.864 +01:00 [INF] ID: 
2025-02-21 14:43:45.897 +01:00 [INF] Zalogowany: False
2025-02-21 14:43:48.270 +01:00 [INF] ID: f9b33065-c108-4c50-9fb5-89421a490437
2025-02-21 14:43:48.270 +01:00 [INF] Zalogowany: True
2025-02-21 14:43:48.270 +01:00 [INF] Role: admin
2025-02-21 14:44:36.103 +01:00 [INF] ID: 
2025-02-21 14:44:36.138 +01:00 [INF] Zalogowany: False
2025-02-21 14:44:38.548 +01:00 [INF] ID: f9b33065-c108-4c50-9fb5-89421a490437
2025-02-21 14:44:38.548 +01:00 [INF] Zalogowany: True
2025-02-21 14:44:38.548 +01:00 [INF] Role: admin
2025-02-21 14:45:00.202 +01:00 [INF] ID: 
2025-02-21 14:45:00.224 +01:00 [INF] Zalogowany: False
2025-02-21 14:45:02.645 +01:00 [INF] ID: f9b33065-c108-4c50-9fb5-89421a490437
2025-02-21 14:45:02.645 +01:00 [INF] Zalogowany: True
2025-02-21 14:45:02.645 +01:00 [INF] Role: admin
2025-02-21 14:59:01.725 +01:00 [INF] ID: 
2025-02-21 14:59:01.747 +01:00 [INF] Zalogowany: False
2025-02-21 14:59:05.819 +01:00 [INF] ID: f9b33065-c108-4c50-9fb5-89421a490437
2025-02-21 14:59:05.819 +01:00 [INF] Zalogowany: True
2025-02-21 14:59:05.819 +01:00 [INF] Role: admin
2025-02-21 14:59:55.028 +01:00 [INF] ID: 
2025-02-21 14:59:55.056 +01:00 [INF] Zalogowany: False
2025-02-21 14:59:57.503 +01:00 [INF] ID: f9b33065-c108-4c50-9fb5-89421a490437
2025-02-21 14:59:57.503 +01:00 [INF] Zalogowany: True
2025-02-21 14:59:57.503 +01:00 [INF] Role: admin
2025-02-21 15:00:53.326 +01:00 [INF] ID: 
2025-02-21 15:00:53.387 +01:00 [INF] Zalogowany: False
2025-02-21 15:00:55.770 +01:00 [INF] ID: f9b33065-c108-4c50-9fb5-89421a490437
2025-02-21 15:00:55.770 +01:00 [INF] Zalogowany: True
2025-02-21 15:00:55.770 +01:00 [INF] Role: admin
2025-02-21 15:01:27.177 +01:00 [INF] ID: 
2025-02-21 15:01:27.203 +01:00 [INF] Zalogowany: False
2025-02-21 15:01:29.625 +01:00 [INF] ID: f9b33065-c108-4c50-9fb5-89421a490437
2025-02-21 15:01:29.625 +01:00 [INF] Zalogowany: True
2025-02-21 15:01:29.625 +01:00 [INF] Role: admin
2025-02-21 15:01:50.836 +01:00 [INF] ID: 
2025-02-21 15:01:50.861 +01:00 [INF] Zalogowany: False
2025-02-21 15:01:53.264 +01:00 [INF] ID: f9b33065-c108-4c50-9fb5-89421a490437
2025-02-21 15:01:53.264 +01:00 [INF] Zalogowany: True
2025-02-21 15:01:53.264 +01:00 [INF] Role: admin
2025-02-21 15:03:27.957 +01:00 [INF] ID: 
2025-02-21 15:03:27.980 +01:00 [INF] Zalogowany: False
2025-02-21 15:03:30.362 +01:00 [INF] ID: f9b33065-c108-4c50-9fb5-89421a490437
2025-02-21 15:03:30.363 +01:00 [INF] Zalogowany: True
2025-02-21 15:03:30.363 +01:00 [INF] Role: admin
2025-02-21 15:04:21.748 +01:00 [INF] ID: 
2025-02-21 15:04:21.783 +01:00 [INF] Zalogowany: False
2025-02-21 15:04:24.212 +01:00 [INF] ID: f9b33065-c108-4c50-9fb5-89421a490437
2025-02-21 15:04:24.213 +01:00 [INF] Zalogowany: True
2025-02-21 15:04:24.213 +01:00 [INF] Role: admin
2025-02-21 15:05:33.161 +01:00 [INF] ID: 
2025-02-21 15:05:33.189 +01:00 [INF] Zalogowany: False
2025-02-21 15:05:35.568 +01:00 [INF] ID: f9b33065-c108-4c50-9fb5-89421a490437
2025-02-21 15:05:35.568 +01:00 [INF] Zalogowany: True
2025-02-21 15:05:35.568 +01:00 [INF] Role: admin
2025-02-21 15:06:24.669 +01:00 [INF] ID: 
2025-02-21 15:06:24.704 +01:00 [INF] Zalogowany: False
2025-02-21 15:06:27.064 +01:00 [INF] ID: f9b33065-c108-4c50-9fb5-89421a490437
2025-02-21 15:06:27.064 +01:00 [INF] Zalogowany: True
2025-02-21 15:06:27.064 +01:00 [INF] Role: admin
2025-02-21 15:07:20.274 +01:00 [INF] ID: 
2025-02-21 15:07:20.295 +01:00 [INF] Zalogowany: False
2025-02-21 15:07:22.644 +01:00 [INF] ID: f9b33065-c108-4c50-9fb5-89421a490437
2025-02-21 15:07:22.644 +01:00 [INF] Zalogowany: True
2025-02-21 15:07:22.644 +01:00 [INF] Role: admin
2025-02-21 15:08:06.011 +01:00 [INF] ID: 
2025-02-21 15:08:06.035 +01:00 [INF] Zalogowany: False
2025-02-21 15:08:08.363 +01:00 [ERR] Failed to log in.
2025-02-21 15:08:11.611 +01:00 [INF] ID: 
2025-02-21 15:08:11.611 +01:00 [INF] Zalogowany: False
2025-02-21 15:08:11.833 +01:00 [INF] ID: f9b33065-c108-4c50-9fb5-89421a490437
2025-02-21 15:08:11.833 +01:00 [INF] Zalogowany: True
2025-02-21 15:08:11.833 +01:00 [INF] Role: admin
2025-02-21 15:14:21.579 +01:00 [INF] ID: 
2025-02-21 15:14:21.605 +01:00 [INF] Zalogowany: False
2025-02-21 15:14:24.079 +01:00 [INF] ID: f9b33065-c108-4c50-9fb5-89421a490437
2025-02-21 15:14:24.079 +01:00 [INF] Zalogowany: True
2025-02-21 15:14:24.079 +01:00 [INF] Role: admin
2025-02-21 15:17:01.139 +01:00 [INF] ID: 
2025-02-21 15:17:01.164 +01:00 [INF] Zalogowany: False
2025-02-21 15:17:03.578 +01:00 [INF] ID: f9b33065-c108-4c50-9fb5-89421a490437
2025-02-21 15:17:03.578 +01:00 [INF] Zalogowany: True
2025-02-21 15:17:03.578 +01:00 [INF] Role: admin
2025-02-21 15:17:52.348 +01:00 [INF] ID: 
2025-02-21 15:17:52.377 +01:00 [INF] Zalogowany: False
2025-02-21 15:17:54.781 +01:00 [INF] ID: f9b33065-c108-4c50-9fb5-89421a490437
2025-02-21 15:17:54.781 +01:00 [INF] Zalogowany: True
2025-02-21 15:17:54.781 +01:00 [INF] Role: admin
2025-02-21 15:23:56.778 +01:00 [INF] ID: 
2025-02-21 15:23:56.806 +01:00 [INF] Zalogowany: False
2025-02-21 15:23:59.435 +01:00 [INF] ID: f9b33065-c108-4c50-9fb5-89421a490437
2025-02-21 15:23:59.435 +01:00 [INF] Zalogowany: True
2025-02-21 15:23:59.435 +01:00 [INF] Role: admin
2025-02-21 15:32:32.303 +01:00 [INF] ID: 
2025-02-21 15:32:32.331 +01:00 [INF] Zalogowany: False
2025-02-21 15:32:34.754 +01:00 [INF] ID: f9b33065-c108-4c50-9fb5-89421a490437
2025-02-21 15:32:34.754 +01:00 [INF] Zalogowany: True
2025-02-21 15:32:34.754 +01:00 [INF] Role: admin
2025-02-21 15:41:19.522 +01:00 [INF] ID: 
2025-02-21 15:41:19.547 +01:00 [INF] Zalogowany: False
2025-02-21 15:41:21.964 +01:00 [INF] ID: f9b33065-c108-4c50-9fb5-89421a490437
2025-02-21 15:41:21.964 +01:00 [INF] Zalogowany: True
2025-02-21 15:41:21.964 +01:00 [INF] Role: admin
2025-02-21 15:43:57.933 +01:00 [INF] ID: 
2025-02-21 15:43:57.958 +01:00 [INF] Zalogowany: False
2025-02-21 15:44:00.320 +01:00 [INF] ID: f9b33065-c108-4c50-9fb5-89421a490437
2025-02-21 15:44:00.320 +01:00 [INF] Zalogowany: True
2025-02-21 15:44:00.320 +01:00 [INF] Role: admin
2025-02-21 15:44:30.650 +01:00 [INF] ID: 
2025-02-21 15:44:30.679 +01:00 [INF] Zalogowany: False
2025-02-21 15:44:33.074 +01:00 [INF] ID: f9b33065-c108-4c50-9fb5-89421a490437
2025-02-21 15:44:33.074 +01:00 [INF] Zalogowany: True
2025-02-21 15:44:33.074 +01:00 [INF] Role: admin
2025-02-21 15:46:06.711 +01:00 [INF] ID: f9b33065-c108-4c50-9fb5-89421a490437
2025-02-21 15:46:06.711 +01:00 [INF] Zalogowany: True
2025-02-21 15:46:08.962 +01:00 [INF] ID: f9b33065-c108-4c50-9fb5-89421a490437
2025-02-21 15:46:08.962 +01:00 [INF] Zalogowany: True
2025-02-21 15:46:08.962 +01:00 [INF] Role: admin
2025-02-21 15:47:42.010 +01:00 [INF] ID: 
2025-02-21 15:47:42.037 +01:00 [INF] Zalogowany: False
2025-02-21 15:47:44.386 +01:00 [INF] ID: f9b33065-c108-4c50-9fb5-89421a490437
2025-02-21 15:47:44.386 +01:00 [INF] Zalogowany: True
2025-02-21 15:47:44.386 +01:00 [INF] Role: admin
2025-02-21 15:49:43.094 +01:00 [INF] ID: 
2025-02-21 15:49:43.122 +01:00 [INF] Zalogowany: False
2025-02-21 15:49:45.490 +01:00 [INF] ID: f9b33065-c108-4c50-9fb5-89421a490437
2025-02-21 15:49:45.490 +01:00 [INF] Zalogowany: True
2025-02-21 15:49:45.490 +01:00 [INF] Role: admin
2025-02-21 15:51:46.873 +01:00 [INF] ID: 
2025-02-21 15:51:46.905 +01:00 [INF] Zalogowany: False
2025-02-21 15:51:49.277 +01:00 [INF] ID: f9b33065-c108-4c50-9fb5-89421a490437
2025-02-21 15:51:49.277 +01:00 [INF] Zalogowany: True
2025-02-21 15:51:49.277 +01:00 [INF] Role: admin
2025-02-21 15:52:07.130 +01:00 [INF] ID: 
2025-02-21 15:52:07.156 +01:00 [INF] Zalogowany: False
2025-02-21 15:52:09.502 +01:00 [INF] ID: f9b33065-c108-4c50-9fb5-89421a490437
2025-02-21 15:52:09.502 +01:00 [INF] Zalogowany: True
2025-02-21 15:52:09.502 +01:00 [INF] Role: admin
2025-02-21 15:54:48.604 +01:00 [INF] ID: 
2025-02-21 15:54:48.629 +01:00 [INF] Zalogowany: False
2025-02-21 15:54:51.002 +01:00 [INF] ID: f9b33065-c108-4c50-9fb5-89421a490437
2025-02-21 15:54:51.002 +01:00 [INF] Zalogowany: True
2025-02-21 15:54:51.002 +01:00 [INF] Role: admin
2025-02-21 15:56:22.444 +01:00 [INF] ID: 
2025-02-21 15:56:22.467 +01:00 [INF] Zalogowany: False
2025-02-21 15:56:24.855 +01:00 [INF] ID: f9b33065-c108-4c50-9fb5-89421a490437
2025-02-21 15:56:24.855 +01:00 [INF] Zalogowany: True
2025-02-21 15:56:24.855 +01:00 [INF] Role: admin
2025-02-21 15:59:30.647 +01:00 [INF] ID: 
2025-02-21 15:59:30.673 +01:00 [INF] Zalogowany: False
2025-02-21 15:59:33.057 +01:00 [INF] ID: f9b33065-c108-4c50-9fb5-89421a490437
2025-02-21 15:59:33.057 +01:00 [INF] Zalogowany: True
2025-02-21 15:59:33.057 +01:00 [INF] Role: admin
2025-02-21 16:00:08.972 +01:00 [INF] ID: 
2025-02-21 16:00:08.999 +01:00 [INF] Zalogowany: False
2025-02-21 16:00:11.370 +01:00 [INF] ID: f9b33065-c108-4c50-9fb5-89421a490437
2025-02-21 16:00:11.370 +01:00 [INF] Zalogowany: True
2025-02-21 16:00:11.370 +01:00 [INF] Role: admin
2025-02-21 21:38:03.370 +01:00 [INF] ID: 
2025-02-21 21:38:03.404 +01:00 [INF] Zalogowany: False
2025-02-21 21:38:04.120 +01:00 [INF] ID: f9b33065-c108-4c50-9fb5-89421a490437
2025-02-21 21:38:04.120 +01:00 [INF] Zalogowany: True
2025-02-21 21:38:04.120 +01:00 [INF] Role: admin
2025-02-21 21:54:26.023 +01:00 [INF] ID: 
2025-02-21 21:54:26.049 +01:00 [INF] Zalogowany: False
2025-02-21 21:54:26.442 +01:00 [INF] ID: f9b33065-c108-4c50-9fb5-89421a490437
2025-02-21 21:54:26.442 +01:00 [INF] Zalogowany: True
2025-02-21 21:54:26.442 +01:00 [INF] Role: admin
2025-02-21 21:55:52.339 +01:00 [INF] ID: 
2025-02-21 21:55:52.368 +01:00 [INF] Zalogowany: False
2025-02-21 21:55:52.694 +01:00 [INF] ID: f9b33065-c108-4c50-9fb5-89421a490437
2025-02-21 21:55:52.694 +01:00 [INF] Zalogowany: True
2025-02-21 21:55:52.694 +01:00 [INF] Role: admin
2025-02-21 21:59:26.954 +01:00 [INF] ID: 
2025-02-21 21:59:26.979 +01:00 [INF] Zalogowany: False
2025-02-21 21:59:27.380 +01:00 [INF] ID: f9b33065-c108-4c50-9fb5-89421a490437
2025-02-21 21:59:27.380 +01:00 [INF] Zalogowany: True
2025-02-21 21:59:27.380 +01:00 [INF] Role: admin
2025-02-21 22:07:49.563 +01:00 [INF] ID: 
2025-02-21 22:07:49.597 +01:00 [INF] Zalogowany: False
2025-02-21 22:07:50.106 +01:00 [INF] ID: f9b33065-c108-4c50-9fb5-89421a490437
2025-02-21 22:07:50.106 +01:00 [INF] Zalogowany: True
2025-02-21 22:07:50.106 +01:00 [INF] Role: admin
2025-02-21 22:10:05.856 +01:00 [INF] ID: 
2025-02-21 22:10:05.882 +01:00 [INF] Zalogowany: False
2025-02-21 22:10:06.196 +01:00 [INF] ID: f9b33065-c108-4c50-9fb5-89421a490437
2025-02-21 22:10:06.196 +01:00 [INF] Zalogowany: True
2025-02-21 22:10:06.196 +01:00 [INF] Role: admin
