2025-02-21 10:38:38.478 +01:00 [INF] ID: 
2025-02-21 10:38:38.493 +01:00 [INF] Zalogowany: False
2025-02-21 10:38:41.651 +01:00 [INF] ID: bfa1c231-4f53-45f3-8ca0-ab5f44d20856
2025-02-21 10:38:41.651 +01:00 [INF] Zalogowany: True
2025-02-21 10:38:41.651 +01:00 [INF] Role: admin
2025-02-21 10:40:26.542 +01:00 [INF] ID: 
2025-02-21 10:40:26.557 +01:00 [INF] Zalogowany: False
2025-02-21 10:40:29.638 +01:00 [INF] ID: b5135a0b-d28e-4111-a616-f725ebbb2254
2025-02-21 10:40:29.639 +01:00 [INF] Zalogowany: True
2025-02-21 10:40:29.639 +01:00 [INF] Role: sk
2025-02-21 10:41:42.726 +01:00 [INF] ID: 
2025-02-21 10:41:42.728 +01:00 [INF] Zalogowany: False
2025-02-21 10:41:45.715 +01:00 [INF] ID: b5135a0b-d28e-4111-a616-f725ebbb2254
2025-02-21 10:41:45.715 +01:00 [INF] Zalogowany: True
2025-02-21 10:41:45.715 +01:00 [INF] Role: sk
2025-02-21 10:44:10.740 +01:00 [INF] ID: 
2025-02-21 10:44:10.740 +01:00 [INF] Zalogowany: False
2025-02-21 10:44:13.735 +01:00 [INF] ID: 743302f2-d898-42d7-a07e-c90f32c0841e
2025-02-21 10:44:13.735 +01:00 [INF] Zalogowany: True
2025-02-21 10:44:13.735 +01:00 [INF] Role: sk
2025-02-21 10:44:41.803 +01:00 [INF] ID: 
2025-02-21 10:44:41.803 +01:00 [INF] Zalogowany: False
2025-02-21 10:44:43.002 +01:00 [INF] ID: 9500206a-77ef-4419-80b1-c055906f8e1c
2025-02-21 10:44:43.002 +01:00 [INF] Zalogowany: True
2025-02-21 10:44:43.002 +01:00 [INF] Role: mecalux
2025-02-21 10:45:14.626 +01:00 [INF] ID: 
2025-02-21 10:45:14.627 +01:00 [INF] Zalogowany: False
2025-02-21 10:45:15.632 +01:00 [INF] ID: 1ce1af66-c251-46b4-802c-751fac568329
2025-02-21 10:45:15.632 +01:00 [INF] Zalogowany: True
2025-02-21 10:45:15.632 +01:00 [INF] Role: sk
2025-02-21 10:45:30.634 +01:00 [INF] ID: 
2025-02-21 10:45:30.634 +01:00 [INF] Zalogowany: False
2025-02-21 10:45:31.561 +01:00 [INF] ID: 9500206a-77ef-4419-80b1-c055906f8e1c
2025-02-21 10:45:31.562 +01:00 [INF] Zalogowany: True
2025-02-21 10:45:31.562 +01:00 [INF] Role: mecalux
2025-02-21 10:59:49.665 +01:00 [INF] ID: 
2025-02-21 10:59:49.666 +01:00 [INF] Zalogowany: False
2025-02-21 10:59:52.738 +01:00 [INF] ID: bfa1c231-4f53-45f3-8ca0-ab5f44d20856
2025-02-21 10:59:52.738 +01:00 [INF] Zalogowany: True
2025-02-21 10:59:52.738 +01:00 [INF] Role: admin
2025-02-21 11:42:05.370 +01:00 [INF] ID: 
2025-02-21 11:42:05.385 +01:00 [INF] Zalogowany: False
2025-02-21 11:42:08.477 +01:00 [INF] ID: f9b33065-c108-4c50-9fb5-89421a490437
2025-02-21 11:42:08.477 +01:00 [INF] Zalogowany: True
2025-02-21 11:42:08.477 +01:00 [INF] Role: admin
